Start testing: May 13 09:28 대한민국 표준시
----------------------------------------------------------
1/3 Testing: CalcSampleTest.Plus_Basic
1/3 Test: CalcSampleTest.Plus_Basic
Command: "D:/DEV/CalcSampleTDD_09/build/calc_sample_test.exe" "--gtest_filter=CalcSampleTest.Plus_Basic" "--gtest_also_run_disabled_tests"
Directory: D:/DEV/CalcSampleTDD_09/build
"CalcSampleTest.Plus_Basic" start time: May 13 09:28 대한민국 표준시
Output:
----------------------------------------------------------
Running main() from D:\DEV\CalcSampleTDD_09\external\googletest\googletest\src\gtest_main.cc
Note: Google Test filter = CalcSampleTest.Plus_Basic
[==========] Running 1 test from 1 test suite.
[----------] Global test environment set-up.
[----------] 1 test from CalcSampleTest
[ RUN      ] CalcSampleTest.Plus_Basic
[       OK ] CalcSampleTest.Plus_Basic (0 ms)
[----------] 1 test from CalcSampleTest (0 ms total)

[----------] Global test environment tear-down
[==========] 1 test from 1 test suite ran. (0 ms total)
[  PASSED  ] 1 test.
<end of output>
Test time =   0.23 sec
----------------------------------------------------------
Test Passed.
"CalcSampleTest.Plus_Basic" end time: May 13 09:28 대한민국 표준시
"CalcSampleTest.Plus_Basic" time elapsed: 00:00:00
----------------------------------------------------------

2/3 Testing: Cases/SumTest.Check/(1, 2, 3)
2/3 Test: Cases/SumTest.Check/(1, 2, 3)
Command: "D:/DEV/CalcSampleTDD_09/build/calc_sample_test.exe" "--gtest_filter=Cases/SumTest.Check/0" "--gtest_also_run_disabled_tests"
Directory: D:/DEV/CalcSampleTDD_09/build
"Cases/SumTest.Check/(1, 2, 3)" start time: May 13 09:28 대한민국 표준시
Output:
----------------------------------------------------------
Running main() from D:\DEV\CalcSampleTDD_09\external\googletest\googletest\src\gtest_main.cc
Note: Google Test filter = Cases/SumTest.Check/0
[==========] Running 1 test from 1 test suite.
[----------] Global test environment set-up.
[----------] 1 test from Cases/SumTest
[ RUN      ] Cases/SumTest.Check/0
[       OK ] Cases/SumTest.Check/0 (0 ms)
[----------] 1 test from Cases/SumTest (0 ms total)

[----------] Global test environment tear-down
[==========] 1 test from 1 test suite ran. (0 ms total)
[  PASSED  ] 1 test.
<end of output>
Test time =   0.23 sec
----------------------------------------------------------
Test Passed.
"Cases/SumTest.Check/(1, 2, 3)" end time: May 13 09:28 대한민국 표준시
"Cases/SumTest.Check/(1, 2, 3)" time elapsed: 00:00:00
----------------------------------------------------------

3/3 Testing: Cases/SumTest.Check/(4, 1, 5)
3/3 Test: Cases/SumTest.Check/(4, 1, 5)
Command: "D:/DEV/CalcSampleTDD_09/build/calc_sample_test.exe" "--gtest_filter=Cases/SumTest.Check/1" "--gtest_also_run_disabled_tests"
Directory: D:/DEV/CalcSampleTDD_09/build
"Cases/SumTest.Check/(4, 1, 5)" start time: May 13 09:28 대한민국 표준시
Output:
----------------------------------------------------------
Running main() from D:\DEV\CalcSampleTDD_09\external\googletest\googletest\src\gtest_main.cc
Note: Google Test filter = Cases/SumTest.Check/1
[==========] Running 1 test from 1 test suite.
[----------] Global test environment set-up.
[----------] 1 test from Cases/SumTest
[ RUN      ] Cases/SumTest.Check/1
[       OK ] Cases/SumTest.Check/1 (0 ms)
[----------] 1 test from Cases/SumTest (0 ms total)

[----------] Global test environment tear-down
[==========] 1 test from 1 test suite ran. (0 ms total)
[  PASSED  ] 1 test.
<end of output>
Test time =   0.22 sec
----------------------------------------------------------
Test Passed.
"Cases/SumTest.Check/(4, 1, 5)" end time: May 13 09:28 대한민국 표준시
"Cases/SumTest.Check/(4, 1, 5)" time elapsed: 00:00:00
----------------------------------------------------------

End testing: May 13 09:28 대한민국 표준시
