TN:
SF:D:\mingw64\include\c++\15.2.0\x86_64-w64-mingw32\bits\c++config.h
DA:589,1067
end_of_record
SF:D:\mingw64\include\c++\15.2.0\bits\unordered_map.h
FN:400,_ZNSt13unordered_mapINSt7__cxx1112basic_stringIcSt11char_traitsIcESaIcEEEySt4hashIS5_ESt8equal_toIS5_ESaISt4pairIKS5_yEEE3endEv
FNDA:10,_ZNSt13unordered_mapINSt7__cxx1112basic_stringIcSt11char_traitsIcESaIcEEEySt4hashIS5_ESt8equal_toIS5_ESaISt4pairIKS5_yEEE3endEv
FN:441,_ZNSt13unordered_mapINSt7__cxx1112basic_stringIcSt11char_traitsIcESaIcEEEySt4hashIS5_ESt8equal_toIS5_ESaISt4pairIKS5_yEEE7emplaceIJS5_yEEESA_INSt8__detail14_Node_iteratorISC_Lb0ELb1EEEbEDpOT_
FNDA:5,_ZNSt13unordered_mapINSt7__cxx1112basic_stringIcSt11char_traitsIcESaIcEEEySt4hashIS5_ESt8equal_toIS5_ESaISt4pairIKS5_yEEE7emplaceIJS5_yEEESA_INSt8__detail14_Node_iteratorISC_Lb0ELb1EEEbEDpOT_
FN:946,_ZNSt13unordered_mapINSt7__cxx1112basic_stringIcSt11char_traitsIcESaIcEEEySt4hashIS5_ESt8equal_toIS5_ESaISt4pairIKS5_yEEE4findERSB_
FNDA:10,_ZNSt13unordered_mapINSt7__cxx1112basic_stringIcSt11char_traitsIcESaIcEEEySt4hashIS5_ESt8equal_toIS5_ESaISt4pairIKS5_yEEE4findERSB_
DA:400,10
DA:401,10
DA:441,5
DA:442,15
DA:946,10
DA:947,10
end_of_record
SF:D:\mingw64\include\c++\15.2.0\bits\stl_iterator_base_funcs.h
DA:108,5
DA:153,1337
DA:154,1342
end_of_record
SF:D:\mingw64\include\c++\15.2.0\bits\new_allocator.h
FN:104,_ZNSt15__new_allocatorIcED2Ev
FNDA:3009,_ZNSt15__new_allocatorIcED2Ev
FN:104,_ZNSt15__new_allocatorISt13_Rb_tree_nodeINSt7__cxx1112basic_stringIcSt11char_traitsIcESaIcEEEEED2Ev
FNDA:5,_ZNSt15__new_allocatorISt13_Rb_tree_nodeINSt7__cxx1112basic_stringIcSt11char_traitsIcESaIcEEEEED2Ev
FN:104,_ZNSt15__new_allocatorISt10shared_ptrIN7testing8internal26ParameterizedTestSuiteInfoI7SumTestE8TestInfoEEED2Ev
FNDA:0,_ZNSt15__new_allocatorISt10shared_ptrIN7testing8internal26ParameterizedTestSuiteInfoI7SumTestE8TestInfoEEED2Ev
FN:104,_ZNSt15__new_allocatorIN7testing8internal26ParameterizedTestSuiteInfoI7SumTestE17InstantiationInfoEED2Ev
FNDA:0,_ZNSt15__new_allocatorIN7testing8internal26ParameterizedTestSuiteInfoI7SumTestE17InstantiationInfoEED2Ev
FN:104,_ZNSt15__new_allocatorIPNSt8__detail15_Hash_node_baseEED2Ev
FNDA:16,_ZNSt15__new_allocatorIPNSt8__detail15_Hash_node_baseEED2Ev
FN:104,_ZNSt15__new_allocatorISt5tupleIJiiiEEED2Ev
FNDA:30,_ZNSt15__new_allocatorISt5tupleIJiiiEEED2Ev
FN:126,_ZNSt15__new_allocatorIPNSt8__detail15_Hash_node_baseEE8allocateEyPKv
FNDA:13,_ZNSt15__new_allocatorIPNSt8__detail15_Hash_node_baseEE8allocateEyPKv
FN:126,_ZNSt15__new_allocatorISt5tupleIJiiiEEE8allocateEyPKv
FNDA:10,_ZNSt15__new_allocatorISt5tupleIJiiiEEE8allocateEyPKv
FN:126,_ZNSt15__new_allocatorIPN7testing8internal30ParameterizedTestSuiteInfoBaseEE8allocateEyPKv
FNDA:5,_ZNSt15__new_allocatorIPN7testing8internal30ParameterizedTestSuiteInfoBaseEE8allocateEyPKv
FN:126,_ZNSt15__new_allocatorINSt8__detail10_Hash_nodeISt4pairIKNSt7__cxx1112basic_stringIcSt11char_traitsIcESaIcEEEyELb1EEEE8allocateEyPKv
FNDA:5,_ZNSt15__new_allocatorINSt8__detail10_Hash_nodeISt4pairIKNSt7__cxx1112basic_stringIcSt11char_traitsIcESaIcEEEyELb1EEEE8allocateEyPKv
FN:126,_ZNSt15__new_allocatorIN7testing8internal26ParameterizedTestSuiteInfoI7SumTestE17InstantiationInfoEE8allocateEyPKv
FNDA:5,_ZNSt15__new_allocatorIN7testing8internal26ParameterizedTestSuiteInfoI7SumTestE17InstantiationInfoEE8allocateEyPKv
FN:126,_ZNSt15__new_allocatorISt10shared_ptrIN7testing8internal26ParameterizedTestSuiteInfoI7SumTestE8TestInfoEEE8allocateEyPKv
FNDA:5,_ZNSt15__new_allocatorISt10shared_ptrIN7testing8internal26ParameterizedTestSuiteInfoI7SumTestE8TestInfoEEE8allocateEyPKv
FN:126,_ZNSt15__new_allocatorISt13_Rb_tree_nodeINSt7__cxx1112basic_stringIcSt11char_traitsIcESaIcEEEEE8allocateEyPKv
FNDA:10,_ZNSt15__new_allocatorISt13_Rb_tree_nodeINSt7__cxx1112basic_stringIcSt11char_traitsIcESaIcEEEEE8allocateEyPKv
FN:126,_ZNSt15__new_allocatorIcE8allocateEyPKv
FNDA:458,_ZNSt15__new_allocatorIcE8allocateEyPKv
FN:156,_ZNSt15__new_allocatorISt10shared_ptrIN7testing8internal26ParameterizedTestSuiteInfoI7SumTestE8TestInfoEEE10deallocateEPS7_y
FNDA:0,_ZNSt15__new_allocatorISt10shared_ptrIN7testing8internal26ParameterizedTestSuiteInfoI7SumTestE8TestInfoEEE10deallocateEPS7_y
FN:156,_ZNSt15__new_allocatorIcE10deallocateEPcy
FNDA:569,_ZNSt15__new_allocatorIcE10deallocateEPcy
FN:156,_ZNSt15__new_allocatorIPN7testing8internal30ParameterizedTestSuiteInfoBaseEE10deallocateEPS3_y
FNDA:0,_ZNSt15__new_allocatorIPN7testing8internal30ParameterizedTestSuiteInfoBaseEE10deallocateEPS3_y
FN:156,_ZNSt15__new_allocatorINSt8__detail10_Hash_nodeISt4pairIKNSt7__cxx1112basic_stringIcSt11char_traitsIcESaIcEEEyELb1EEEE10deallocateEPSB_y
FNDA:0,_ZNSt15__new_allocatorINSt8__detail10_Hash_nodeISt4pairIKNSt7__cxx1112basic_stringIcSt11char_traitsIcESaIcEEEyELb1EEEE10deallocateEPSB_y
FN:156,_ZNSt15__new_allocatorIPNSt8__detail15_Hash_node_baseEE10deallocateEPS2_y
FNDA:3,_ZNSt15__new_allocatorIPNSt8__detail15_Hash_node_baseEE10deallocateEPS2_y
FN:156,_ZNSt15__new_allocatorIN7testing8internal26ParameterizedTestSuiteInfoI7SumTestE17InstantiationInfoEE10deallocateEPS5_y
FNDA:0,_ZNSt15__new_allocatorIN7testing8internal26ParameterizedTestSuiteInfoI7SumTestE17InstantiationInfoEE10deallocateEPS5_y
FN:156,_ZNSt15__new_allocatorISt5tupleIJiiiEEE10deallocateEPS1_y
FNDA:10,_ZNSt15__new_allocatorISt5tupleIJiiiEEE10deallocateEPS1_y
FN:156,_ZNSt15__new_allocatorISt13_Rb_tree_nodeINSt7__cxx1112basic_stringIcSt11char_traitsIcESaIcEEEEE10deallocateEPS7_y
FNDA:10,_ZNSt15__new_allocatorISt13_Rb_tree_nodeINSt7__cxx1112basic_stringIcSt11char_traitsIcESaIcEEEEE10deallocateEPS7_y
DA:88,412
DA:92,1840
DA:104,5
DA:104,16
DA:104,30
DA:104,0
DA:104,0
DA:104,3009
DA:126,10
DA:134,10
DA:138,0
DA:139,0
DA:140,0
DA:151,10
DA:126,13
DA:134,13
DA:138,0
DA:139,0
DA:140,0
DA:151,13
DA:126,10
DA:134,10
DA:138,0
DA:139,0
DA:140,0
DA:151,10
DA:126,5
DA:134,5
DA:138,0
DA:139,0
DA:140,0
DA:151,5
DA:126,5
DA:134,5
DA:138,0
DA:139,0
DA:140,0
DA:151,5
DA:126,5
DA:134,5
DA:138,0
DA:139,0
DA:140,0
DA:151,5
DA:126,5
DA:134,5
DA:138,0
DA:139,0
DA:140,0
DA:151,5
DA:126,458
DA:134,458
DA:140,0
DA:151,458
DA:156,10
DA:172,10
DA:156,10
DA:172,10
DA:156,0
DA:172,0
DA:156,0
DA:172,0
DA:156,3
DA:172,3
DA:156,0
DA:172,0
DA:156,0
DA:172,0
DA:156,569
DA:172,569
DA:183,23713
DA:191,85
DA:198,10
DA:233,24224
end_of_record
SF:D:\mingw64\include\c++\15.2.0\bits\shared_ptr.h
FN:213,_ZNSt10shared_ptrIKN7testing8internal23ParamGeneratorInterfaceISt5tupleIJiiiEEEEEC1IS5_vEEPT_
FNDA:5,_ZNSt10shared_ptrIKN7testing8internal23ParamGeneratorInterfaceISt5tupleIJiiiEEEEEC1IS5_vEEPT_
FN:213,_ZNSt10shared_ptrIN7testing8internal26ParameterizedTestSuiteInfoI7SumTestE8TestInfoEEC1IS5_vEEPT_
FNDA:5,_ZNSt10shared_ptrIN7testing8internal26ParameterizedTestSuiteInfoI7SumTestE8TestInfoEEC1IS5_vEEPT_
FN:358,_ZNSt10shared_ptrIN7testing8internal26ParameterizedTestSuiteInfoI7SumTestE8TestInfoEEC1EOS6_
FNDA:0,_ZNSt10shared_ptrIN7testing8internal26ParameterizedTestSuiteInfoI7SumTestE8TestInfoEEC1EOS6_
DA:213,5
DA:213,5
DA:358,0
DA:359,0
end_of_record
SF:D:\mingw64\include\c++\15.2.0\bits\hashtable.h
FN:298,_ZNSt10_HashtableINSt7__cxx1112basic_stringIcSt11char_traitsIcESaIcEEESt4pairIKS5_yESaIS8_ENSt8__detail10_Select1stESt8equal_toIS5_ESt4hashIS5_ENSA_18_Mod_range_hashingENSA_20_Default_ranged_hashENSA_20_Prime_rehash_policyENSA_17_Hashtable_traitsILb1ELb0ELb1EEEE12_Scoped_nodeC1EPNSA_10_Hash_nodeIS8_Lb1EEEPNSA_16_Hashtable_allocISaISO_EEE
FNDA:5,_ZNSt10_HashtableINSt7__cxx1112basic_stringIcSt11char_traitsIcESaIcEEESt4pairIKS5_yESaIS8_ENSt8__detail10_Select1stESt8equal_toIS5_ESt4hashIS5_ENSA_18_Mod_range_hashingENSA_20_Default_ranged_hashENSA_20_Prime_rehash_policyENSA_17_Hashtable_traitsILb1ELb0ELb1EEEE12_Scoped_nodeC1EPNSA_10_Hash_nodeIS8_Lb1EEEPNSA_16_Hashtable_allocISaISO_EEE
FN:309,_ZNSt10_HashtableINSt7__cxx1112basic_stringIcSt11char_traitsIcESaIcEEESt4pairIKS5_yESaIS8_ENSt8__detail10_Select1stESt8equal_toIS5_ESt4hashIS5_ENSA_18_Mod_range_hashingENSA_20_Default_ranged_hashENSA_20_Prime_rehash_policyENSA_17_Hashtable_traitsILb1ELb0ELb1EEEE12_Scoped_nodeD1Ev
FNDA:5,_ZNSt10_HashtableINSt7__cxx1112basic_stringIcSt11char_traitsIcESaIcEEESt4pairIKS5_yESaIS8_ENSt8__detail10_Select1stESt8equal_toIS5_ESt4hashIS5_ENSA_18_Mod_range_hashingENSA_20_Default_ranged_hashENSA_20_Prime_rehash_policyENSA_17_Hashtable_traitsILb1ELb0ELb1EEEE12_Scoped_nodeD1Ev
FN:387,_ZNKSt10_HashtableINSt7__cxx1112basic_stringIcSt11char_traitsIcESaIcEEESt4pairIKS5_yESaIS8_ENSt8__detail10_Select1stESt8equal_toIS5_ESt4hashIS5_ENSA_18_Mod_range_hashingENSA_20_Default_ranged_hashENSA_20_Prime_rehash_policyENSA_17_Hashtable_traitsILb1ELb0ELb1EEEE21_M_uses_single_bucketEPPNSA_15_Hash_node_baseE
FNDA:5,_ZNKSt10_HashtableINSt7__cxx1112basic_stringIcSt11char_traitsIcESaIcEEESt4pairIKS5_yESaIS8_ENSt8__detail10_Select1stESt8equal_toIS5_ESt4hashIS5_ENSA_18_Mod_range_hashingENSA_20_Default_ranged_hashENSA_20_Prime_rehash_policyENSA_17_Hashtable_traitsILb1ELb0ELb1EEEE21_M_uses_single_bucketEPPNSA_15_Hash_node_baseE
FN:395,_ZNSt10_HashtableINSt7__cxx1112basic_stringIcSt11char_traitsIcESaIcEEESt4pairIKS5_yESaIS8_ENSt8__detail10_Select1stESt8equal_toIS5_ESt4hashIS5_ENSA_18_Mod_range_hashingENSA_20_Default_ranged_hashENSA_20_Prime_rehash_policyENSA_17_Hashtable_traitsILb1ELb0ELb1EEEE22__small_size_thresholdEv
FNDA:25,_ZNSt10_HashtableINSt7__cxx1112basic_stringIcSt11char_traitsIcESaIcEEESt4pairIKS5_yESaIS8_ENSt8__detail10_Select1stESt8equal_toIS5_ESt4hashIS5_ENSA_18_Mod_range_hashingENSA_20_Default_ranged_hashENSA_20_Prime_rehash_policyENSA_17_Hashtable_traitsILb1ELb0ELb1EEEE22__small_size_thresholdEv
FN:405,_ZNSt10_HashtableINSt7__cxx1112basic_stringIcSt11char_traitsIcESaIcEEESt4pairIKS5_yESaIS8_ENSt8__detail10_Select1stESt8equal_toIS5_ESt4hashIS5_ENSA_18_Mod_range_hashingENSA_20_Default_ranged_hashENSA_20_Prime_rehash_policyENSA_17_Hashtable_traitsILb1ELb0ELb1EEEE19_M_allocate_bucketsEy
FNDA:5,_ZNSt10_HashtableINSt7__cxx1112basic_stringIcSt11char_traitsIcESaIcEEESt4pairIKS5_yESaIS8_ENSt8__detail10_Select1stESt8equal_toIS5_ESt4hashIS5_ENSA_18_Mod_range_hashingENSA_20_Default_ranged_hashENSA_20_Prime_rehash_policyENSA_17_Hashtable_traitsILb1ELb0ELb1EEEE19_M_allocate_bucketsEy
FN:417,_ZNSt10_HashtableINSt7__cxx1112basic_stringIcSt11char_traitsIcESaIcEEESt4pairIKS5_yESaIS8_ENSt8__detail10_Select1stESt8equal_toIS5_ESt4hashIS5_ENSA_18_Mod_range_hashingENSA_20_Default_ranged_hashENSA_20_Prime_rehash_policyENSA_17_Hashtable_traitsILb1ELb0ELb1EEEE21_M_deallocate_bucketsEPPNSA_15_Hash_node_baseEy
FNDA:5,_ZNSt10_HashtableINSt7__cxx1112basic_stringIcSt11char_traitsIcESaIcEEESt4pairIKS5_yESaIS8_ENSt8__detail10_Select1stESt8equal_toIS5_ESt4hashIS5_ENSA_18_Mod_range_hashingENSA_20_Default_ranged_hashENSA_20_Prime_rehash_policyENSA_17_Hashtable_traitsILb1ELb0ELb1EEEE21_M_deallocate_bucketsEPPNSA_15_Hash_node_baseEy
FN:426,_ZNSt10_HashtableINSt7__cxx1112basic_stringIcSt11char_traitsIcESaIcEEESt4pairIKS5_yESaIS8_ENSt8__detail10_Select1stESt8equal_toIS5_ESt4hashIS5_ENSA_18_Mod_range_hashingENSA_20_Default_ranged_hashENSA_20_Prime_rehash_policyENSA_17_Hashtable_traitsILb1ELb0ELb1EEEE21_M_deallocate_bucketsEv
FNDA:5,_ZNSt10_HashtableINSt7__cxx1112basic_stringIcSt11char_traitsIcESaIcEEESt4pairIKS5_yESaIS8_ENSt8__detail10_Select1stESt8equal_toIS5_ESt4hashIS5_ENSA_18_Mod_range_hashingENSA_20_Default_ranged_hashENSA_20_Prime_rehash_policyENSA_17_Hashtable_traitsILb1ELb0ELb1EEEE21_M_deallocate_bucketsEv
FN:439,_ZNKSt10_HashtableINSt7__cxx1112basic_stringIcSt11char_traitsIcESaIcEEESt4pairIKS5_yESaIS8_ENSt8__detail10_Select1stESt8equal_toIS5_ESt4hashIS5_ENSA_18_Mod_range_hashingENSA_20_Default_ranged_hashENSA_20_Prime_rehash_policyENSA_17_Hashtable_traitsILb1ELb0ELb1EEEE8_M_beginEv
FNDA:5,_ZNKSt10_HashtableINSt7__cxx1112basic_stringIcSt11char_traitsIcESaIcEEESt4pairIKS5_yESaIS8_ENSt8__detail10_Select1stESt8equal_toIS5_ESt4hashIS5_ENSA_18_Mod_range_hashingENSA_20_Default_ranged_hashENSA_20_Prime_rehash_policyENSA_17_Hashtable_traitsILb1ELb0ELb1EEEE8_M_beginEv
FN:645,_ZNSt10_HashtableINSt7__cxx1112basic_stringIcSt11char_traitsIcESaIcEEESt4pairIKS5_yESaIS8_ENSt8__detail10_Select1stESt8equal_toIS5_ESt4hashIS5_ENSA_18_Mod_range_hashingENSA_20_Default_ranged_hashENSA_20_Prime_rehash_policyENSA_17_Hashtable_traitsILb1ELb0ELb1EEEE3endEv
FNDA:10,_ZNSt10_HashtableINSt7__cxx1112basic_stringIcSt11char_traitsIcESaIcEEESt4pairIKS5_yESaIS8_ENSt8__detail10_Select1stESt8equal_toIS5_ESt4hashIS5_ENSA_18_Mod_range_hashingENSA_20_Default_ranged_hashENSA_20_Prime_rehash_policyENSA_17_Hashtable_traitsILb1ELb0ELb1EEEE3endEv
FN:661,_ZNKSt10_HashtableINSt7__cxx1112basic_stringIcSt11char_traitsIcESaIcEEESt4pairIKS5_yESaIS8_ENSt8__detail10_Select1stESt8equal_toIS5_ESt4hashIS5_ENSA_18_Mod_range_hashingENSA_20_Default_ranged_hashENSA_20_Prime_rehash_policyENSA_17_Hashtable_traitsILb1ELb0ELb1EEEE4sizeEv
FNDA:15,_ZNKSt10_HashtableINSt7__cxx1112basic_stringIcSt11char_traitsIcESaIcEEESt4pairIKS5_yESaIS8_ENSt8__detail10_Select1stESt8equal_toIS5_ESt4hashIS5_ENSA_18_Mod_range_hashingENSA_20_Default_ranged_hashENSA_20_Prime_rehash_policyENSA_17_Hashtable_traitsILb1ELb0ELb1EEEE4sizeEv
FN:806,_ZNKSt10_HashtableINSt7__cxx1112basic_stringIcSt11char_traitsIcESaIcEEESt4pairIKS5_yESaIS8_ENSt8__detail10_Select1stESt8equal_toIS5_ESt4hashIS5_ENSA_18_Mod_range_hashingENSA_20_Default_ranged_hashENSA_20_Prime_rehash_policyENSA_17_Hashtable_traitsILb1ELb0ELb1EEEE15_M_bucket_indexERKNSA_16_Hash_node_valueIS8_Lb1EEE
FNDA:0,_ZNKSt10_HashtableINSt7__cxx1112basic_stringIcSt11char_traitsIcESaIcEEESt4pairIKS5_yESaIS8_ENSt8__detail10_Select1stESt8equal_toIS5_ESt4hashIS5_ENSA_18_Mod_range_hashingENSA_20_Default_ranged_hashENSA_20_Prime_rehash_policyENSA_17_Hashtable_traitsILb1ELb0ELb1EEEE15_M_bucket_indexERKNSA_16_Hash_node_valueIS8_Lb1EEE
FN:810,_ZNKSt10_HashtableINSt7__cxx1112basic_stringIcSt11char_traitsIcESaIcEEESt4pairIKS5_yESaIS8_ENSt8__detail10_Select1stESt8equal_toIS5_ESt4hashIS5_ENSA_18_Mod_range_hashingENSA_20_Default_ranged_hashENSA_20_Prime_rehash_policyENSA_17_Hashtable_traitsILb1ELb0ELb1EEEE15_M_bucket_indexEy
FNDA:15,_ZNKSt10_HashtableINSt7__cxx1112basic_stringIcSt11char_traitsIcESaIcEEESt4pairIKS5_yESaIS8_ENSt8__detail10_Select1stESt8equal_toIS5_ESt4hashIS5_ENSA_18_Mod_range_hashingENSA_20_Default_ranged_hashENSA_20_Prime_rehash_policyENSA_17_Hashtable_traitsILb1ELb0ELb1EEEE15_M_bucket_indexEy
FN:842,_ZNKSt10_HashtableINSt7__cxx1112basic_stringIcSt11char_traitsIcESaIcEEESt4pairIKS5_yESaIS8_ENSt8__detail10_Select1stESt8equal_toIS5_ESt4hashIS5_ENSA_18_Mod_range_hashingENSA_20_Default_ranged_hashENSA_20_Prime_rehash_policyENSA_17_Hashtable_traitsILb1ELb0ELb1EEEE13_M_store_codeERNSA_16_Hash_node_valueIS8_Lb1EEEy
FNDA:5,_ZNKSt10_HashtableINSt7__cxx1112basic_stringIcSt11char_traitsIcESaIcEEESt4pairIKS5_yESaIS8_ENSt8__detail10_Select1stESt8equal_toIS5_ESt4hashIS5_ENSA_18_Mod_range_hashingENSA_20_Default_ranged_hashENSA_20_Prime_rehash_policyENSA_17_Hashtable_traitsILb1ELb0ELb1EEEE13_M_store_codeERNSA_16_Hash_node_valueIS8_Lb1EEEy
FN:864,_ZNKSt10_HashtableINSt7__cxx1112basic_stringIcSt11char_traitsIcESaIcEEESt4pairIKS5_yESaIS8_ENSt8__detail10_Select1stESt8equal_toIS5_ESt4hashIS5_ENSA_18_Mod_range_hashingENSA_20_Default_ranged_hashENSA_20_Prime_rehash_policyENSA_17_Hashtable_traitsILb1ELb0ELb1EEEE15__location_typecvbEv
FNDA:5,_ZNKSt10_HashtableINSt7__cxx1112basic_stringIcSt11char_traitsIcESaIcEEESt4pairIKS5_yESaIS8_ENSt8__detail10_Select1stESt8equal_toIS5_ESt4hashIS5_ENSA_18_Mod_range_hashingENSA_20_Default_ranged_hashENSA_20_Prime_rehash_policyENSA_17_Hashtable_traitsILb1ELb0ELb1EEEE15__location_typecvbEv
FN:868,_ZNKSt10_HashtableINSt7__cxx1112basic_stringIcSt11char_traitsIcESaIcEEESt4pairIKS5_yESaIS8_ENSt8__detail10_Select1stESt8equal_toIS5_ESt4hashIS5_ENSA_18_Mod_range_hashingENSA_20_Default_ranged_hashENSA_20_Prime_rehash_policyENSA_17_Hashtable_traitsILb1ELb0ELb1EEEE15__location_typecvNSA_14_Node_iteratorIS8_Lb0ELb1EEEEv
FNDA:10,_ZNKSt10_HashtableINSt7__cxx1112basic_stringIcSt11char_traitsIcESaIcEEESt4pairIKS5_yESaIS8_ENSt8__detail10_Select1stESt8equal_toIS5_ESt4hashIS5_ENSA_18_Mod_range_hashingENSA_20_Default_ranged_hashENSA_20_Prime_rehash_policyENSA_17_Hashtable_traitsILb1ELb0ELb1EEEE15__location_typecvNSA_14_Node_iteratorIS8_Lb0ELb1EEEEv
FN:876,_ZNKSt10_HashtableINSt7__cxx1112basic_stringIcSt11char_traitsIcESaIcEEESt4pairIKS5_yESaIS8_ENSt8__detail10_Select1stESt8equal_toIS5_ESt4hashIS5_ENSA_18_Mod_range_hashingENSA_20_Default_ranged_hashENSA_20_Prime_rehash_policyENSA_17_Hashtable_traitsILb1ELb0ELb1EEEE15__location_type7_M_nodeEv
FNDA:15,_ZNKSt10_HashtableINSt7__cxx1112basic_stringIcSt11char_traitsIcESaIcEEESt4pairIKS5_yESaIS8_ENSt8__detail10_Select1stESt8equal_toIS5_ESt4hashIS5_ENSA_18_Mod_range_hashingENSA_20_Default_ranged_hashENSA_20_Prime_rehash_policyENSA_17_Hashtable_traitsILb1ELb0ELb1EEEE15__location_type7_M_nodeEv
FN:926,_ZNSt10_HashtableINSt7__cxx1112basic_stringIcSt11char_traitsIcESaIcEEESt4pairIKS5_yESaIS8_ENSt8__detail10_Select1stESt8equal_toIS5_ESt4hashIS5_ENSA_18_Mod_range_hashingENSA_20_Default_ranged_hashENSA_20_Prime_rehash_policyENSA_17_Hashtable_traitsILb1ELb0ELb1EEEE22_M_insert_bucket_beginEyPNSA_10_Hash_nodeIS8_Lb1EEE
FNDA:5,_ZNSt10_HashtableINSt7__cxx1112basic_stringIcSt11char_traitsIcESaIcEEESt4pairIKS5_yESaIS8_ENSt8__detail10_Select1stESt8equal_toIS5_ESt4hashIS5_ENSA_18_Mod_range_hashingENSA_20_Default_ranged_hashENSA_20_Prime_rehash_policyENSA_17_Hashtable_traitsILb1ELb0ELb1EEEE22_M_insert_bucket_beginEyPNSA_10_Hash_nodeIS8_Lb1EEE
FN:1026,_ZNSt10_HashtableINSt7__cxx1112basic_stringIcSt11char_traitsIcESaIcEEESt4pairIKS5_yESaIS8_ENSt8__detail10_Select1stESt8equal_toIS5_ESt4hashIS5_ENSA_18_Mod_range_hashingENSA_20_Default_ranged_hashENSA_20_Prime_rehash_policyENSA_17_Hashtable_traitsILb1ELb0ELb1EEEE7emplaceIJS5_yEEES6_INSA_14_Node_iteratorIS8_Lb0ELb1EEEbEDpOT_
FNDA:5,_ZNSt10_HashtableINSt7__cxx1112basic_stringIcSt11char_traitsIcESaIcEEESt4pairIKS5_yESaIS8_ENSt8__detail10_Select1stESt8equal_toIS5_ESt4hashIS5_ENSA_18_Mod_range_hashingENSA_20_Default_ranged_hashENSA_20_Prime_rehash_policyENSA_17_Hashtable_traitsILb1ELb0ELb1EEEE7emplaceIJS5_yEEES6_INSA_14_Node_iteratorIS8_Lb0ELb1EEEbEDpOT_
FN:1914,_ZNSt10_HashtableINSt7__cxx1112basic_stringIcSt11char_traitsIcESaIcEEESt4pairIKS5_yESaIS8_ENSt8__detail10_Select1stESt8equal_toIS5_ESt4hashIS5_ENSA_18_Mod_range_hashingENSA_20_Default_ranged_hashENSA_20_Prime_rehash_policyENSA_17_Hashtable_traitsILb1ELb0ELb1EEEE4findERS7_
FNDA:10,_ZNSt10_HashtableINSt7__cxx1112basic_stringIcSt11char_traitsIcESaIcEEESt4pairIKS5_yESaIS8_ENSt8__detail10_Select1stESt8equal_toIS5_ESt4hashIS5_ENSA_18_Mod_range_hashingENSA_20_Default_ranged_hashENSA_20_Prime_rehash_policyENSA_17_Hashtable_traitsILb1ELb0ELb1EEEE4findERS7_
FN:2199,_ZNKSt10_HashtableINSt7__cxx1112basic_stringIcSt11char_traitsIcESaIcEEESt4pairIKS5_yESaIS8_ENSt8__detail10_Select1stESt8equal_toIS5_ESt4hashIS5_ENSA_18_Mod_range_hashingENSA_20_Default_ranged_hashENSA_20_Prime_rehash_policyENSA_17_Hashtable_traitsILb1ELb0ELb1EEEE19_M_find_before_nodeEyRS7_y
FNDA:0,_ZNKSt10_HashtableINSt7__cxx1112basic_stringIcSt11char_traitsIcESaIcEEESt4pairIKS5_yESaIS8_ENSt8__detail10_Select1stESt8equal_toIS5_ESt4hashIS5_ENSA_18_Mod_range_hashingENSA_20_Default_ranged_hashENSA_20_Prime_rehash_policyENSA_17_Hashtable_traitsILb1ELb0ELb1EEEE19_M_find_before_nodeEyRS7_y
FN:2258,_ZNKSt10_HashtableINSt7__cxx1112basic_stringIcSt11char_traitsIcESaIcEEESt4pairIKS5_yESaIS8_ENSt8__detail10_Select1stESt8equal_toIS5_ESt4hashIS5_ENSA_18_Mod_range_hashingENSA_20_Default_ranged_hashENSA_20_Prime_rehash_policyENSA_17_Hashtable_traitsILb1ELb0ELb1EEEE9_M_locateERS7_
FNDA:15,_ZNKSt10_HashtableINSt7__cxx1112basic_stringIcSt11char_traitsIcESaIcEEESt4pairIKS5_yESaIS8_ENSt8__detail10_Select1stESt8equal_toIS5_ESt4hashIS5_ENSA_18_Mod_range_hashingENSA_20_Default_ranged_hashENSA_20_Prime_rehash_policyENSA_17_Hashtable_traitsILb1ELb0ELb1EEEE9_M_locateERS7_
FN:2313,_ZNSt10_HashtableINSt7__cxx1112basic_stringIcSt11char_traitsIcESaIcEEESt4pairIKS5_yESaIS8_ENSt8__detail10_Select1stESt8equal_toIS5_ESt4hashIS5_ENSA_18_Mod_range_hashingENSA_20_Default_ranged_hashENSA_20_Prime_rehash_policyENSA_17_Hashtable_traitsILb1ELb0ELb1EEEE15_M_emplace_uniqIJS5_yEEES6_INSA_14_Node_iteratorIS8_Lb0ELb1EEEbEDpOT_
FNDA:5,_ZNSt10_HashtableINSt7__cxx1112basic_stringIcSt11char_traitsIcESaIcEEESt4pairIKS5_yESaIS8_ENSt8__detail10_Select1stESt8equal_toIS5_ESt4hashIS5_ENSA_18_Mod_range_hashingENSA_20_Default_ranged_hashENSA_20_Prime_rehash_policyENSA_17_Hashtable_traitsILb1ELb0ELb1EEEE15_M_emplace_uniqIJS5_yEEES6_INSA_14_Node_iteratorIS8_Lb0ELb1EEEbEDpOT_
FN:2466,_ZNSt10_HashtableINSt7__cxx1112basic_stringIcSt11char_traitsIcESaIcEEESt4pairIKS5_yESaIS8_ENSt8__detail10_Select1stESt8equal_toIS5_ESt4hashIS5_ENSA_18_Mod_range_hashingENSA_20_Default_ranged_hashENSA_20_Prime_rehash_policyENSA_17_Hashtable_traitsILb1ELb0ELb1EEEE21_M_insert_unique_nodeEyyPNSA_10_Hash_nodeIS8_Lb1EEEy
FNDA:5,_ZNSt10_HashtableINSt7__cxx1112basic_stringIcSt11char_traitsIcESaIcEEESt4pairIKS5_yESaIS8_ENSt8__detail10_Select1stESt8equal_toIS5_ESt4hashIS5_ENSA_18_Mod_range_hashingENSA_20_Default_ranged_hashENSA_20_Prime_rehash_policyENSA_17_Hashtable_traitsILb1ELb0ELb1EEEE21_M_insert_unique_nodeEyyPNSA_10_Hash_nodeIS8_Lb1EEEy
FN:2750,_ZNSt10_HashtableINSt7__cxx1112basic_stringIcSt11char_traitsIcESaIcEEESt4pairIKS5_yESaIS8_ENSt8__detail10_Select1stESt8equal_toIS5_ESt4hashIS5_ENSA_18_Mod_range_hashingENSA_20_Default_ranged_hashENSA_20_Prime_rehash_policyENSA_17_Hashtable_traitsILb1ELb0ELb1EEEE9_M_rehashEySt17integral_constantIbLb1EE
FNDA:5,_ZNSt10_HashtableINSt7__cxx1112basic_stringIcSt11char_traitsIcESaIcEEESt4pairIKS5_yESaIS8_ENSt8__detail10_Select1stESt8equal_toIS5_ESt4hashIS5_ENSA_18_Mod_range_hashingENSA_20_Default_ranged_hashENSA_20_Prime_rehash_policyENSA_17_Hashtable_traitsILb1ELb0ELb1EEEE9_M_rehashEySt17integral_constantIbLb1EE
DA:298,5
DA:299,5
DA:309,5
DA:387,5
DA:388,5
DA:395,25
DA:398,25
DA:405,5
DA:407,5
DA:409,0
DA:410,0
DA:413,5
DA:417,5
DA:419,5
DA:420,5
DA:422,0
DA:426,5
DA:427,5
DA:439,5
DA:440,5
DA:645,10
DA:646,10
DA:661,15
DA:662,15
DA:806,0
DA:807,0
DA:810,15
DA:811,15
DA:842,5
DA:845,5
DA:846,5
DA:864,5
DA:865,5
DA:868,10
DA:869,10
DA:876,15
DA:878,15
DA:879,10
DA:880,5
DA:926,5
DA:928,5
DA:932,0
DA:933,0
DA:940,5
DA:941,5
DA:943,5
DA:946,0
DA:948,5
DA:950,5
DA:1026,5
DA:1029,10
DA:1914,10
DA:1918,10
DA:2199,0
DA:2205,0
DA:2206,0
DA:2207,0
DA:2209,0
DA:2210,0
DA:2212,0
DA:2213,0
DA:2215,0
DA:2216,0
DA:2217,0
DA:2220,0
DA:2258,15
DA:2263,15
DA:2264,15
DA:2266,15
DA:2268,15
DA:2269,15
DA:2270,15
DA:2272,5
DA:2273,5
DA:2274,0
DA:2276,10
DA:2279,10
DA:2280,10
DA:2282,10
DA:2283,0
DA:2286,10
DA:2313,5
DA:2318,5
DA:2332,5
DA:2333,5
DA:2334,5
DA:2338,5
DA:2339,5
DA:2340,5
DA:2342,5
DA:2346,0
DA:2347,0
DA:2348,0
DA:2351,5
DA:2353,0
DA:2356,5
DA:2357,5
DA:2360,5
DA:2362,10
DA:2365,5
DA:2366,5
DA:2367,5
DA:2368,5
DA:2466,5
DA:2472,5
DA:2474,5
DA:2477,5
DA:2479,5
DA:2480,5
DA:2483,5
DA:2484,5
DA:2487,5
DA:2488,5
DA:2489,10
DA:2490,5
DA:2750,5
DA:2754,5
DA:2755,5
DA:2756,5
DA:2757,5
DA:2758,5
DA:2760,0
DA:2762,0
DA:2763,0
DA:2765,0
DA:2766,0
DA:2767,0
DA:2768,0
DA:2769,0
DA:2770,0
DA:2774,0
DA:2775,0
DA:2778,0
DA:2781,5
DA:2782,5
DA:2783,5
DA:2784,5
end_of_record
SF:D:\mingw64\include\c++\15.2.0\ext\aligned_buffer.h
FN:70,_ZN9__gnu_cxx16__aligned_membufINSt7__cxx1112basic_stringIcSt11char_traitsIcESaIcEEEE7_M_addrEv
FNDA:20,_ZN9__gnu_cxx16__aligned_membufINSt7__cxx1112basic_stringIcSt11char_traitsIcESaIcEEEE7_M_addrEv
FN:74,_ZNK9__gnu_cxx16__aligned_membufINSt7__cxx1112basic_stringIcSt11char_traitsIcESaIcEEEE7_M_addrEv
FNDA:20,_ZNK9__gnu_cxx16__aligned_membufINSt7__cxx1112basic_stringIcSt11char_traitsIcESaIcEEEE7_M_addrEv
FN:78,_ZN9__gnu_cxx16__aligned_membufINSt7__cxx1112basic_stringIcSt11char_traitsIcESaIcEEEE6_M_ptrEv
FNDA:20,_ZN9__gnu_cxx16__aligned_membufINSt7__cxx1112basic_stringIcSt11char_traitsIcESaIcEEEE6_M_ptrEv
FN:82,_ZNK9__gnu_cxx16__aligned_membufINSt7__cxx1112basic_stringIcSt11char_traitsIcESaIcEEEE6_M_ptrEv
FNDA:20,_ZNK9__gnu_cxx16__aligned_membufINSt7__cxx1112basic_stringIcSt11char_traitsIcESaIcEEEE6_M_ptrEv
FN:107,_ZN9__gnu_cxx16__aligned_bufferISt4pairIKNSt7__cxx1112basic_stringIcSt11char_traitsIcESaIcEEEyEE7_M_addrEv
FNDA:10,_ZN9__gnu_cxx16__aligned_bufferISt4pairIKNSt7__cxx1112basic_stringIcSt11char_traitsIcESaIcEEEyEE7_M_addrEv
FN:113,_ZNK9__gnu_cxx16__aligned_bufferISt4pairIKNSt7__cxx1112basic_stringIcSt11char_traitsIcESaIcEEEyEE7_M_addrEv
FNDA:5,_ZNK9__gnu_cxx16__aligned_bufferISt4pairIKNSt7__cxx1112basic_stringIcSt11char_traitsIcESaIcEEEyEE7_M_addrEv
FN:119,_ZN9__gnu_cxx16__aligned_bufferISt4pairIKNSt7__cxx1112basic_stringIcSt11char_traitsIcESaIcEEEyEE6_M_ptrEv
FNDA:10,_ZN9__gnu_cxx16__aligned_bufferISt4pairIKNSt7__cxx1112basic_stringIcSt11char_traitsIcESaIcEEEyEE6_M_ptrEv
FN:123,_ZNK9__gnu_cxx16__aligned_bufferISt4pairIKNSt7__cxx1112basic_stringIcSt11char_traitsIcESaIcEEEyEE6_M_ptrEv
FNDA:5,_ZNK9__gnu_cxx16__aligned_bufferISt4pairIKNSt7__cxx1112basic_stringIcSt11char_traitsIcESaIcEEEyEE6_M_ptrEv
DA:70,20
DA:71,20
DA:74,20
DA:75,20
DA:78,20
DA:79,20
DA:82,20
DA:83,20
DA:107,10
DA:109,10
DA:113,5
DA:115,5
DA:119,10
DA:120,10
DA:123,5
DA:124,5
end_of_record
SF:D:\mingw64\include\c++\15.2.0\bits\charconv.h
FN:57,_ZNSt8__detail14__to_chars_lenIyEEjT_i
FNDA:10,_ZNSt8__detail14__to_chars_lenIyEEjT_i
FN:83,_ZNSt8__detail18__to_chars_10_implIyEEvPcjT_
FNDA:10,_ZNSt8__detail18__to_chars_10_implIyEEvPcjT_
DA:57,10
DA:63,10
DA:64,10
DA:65,10
DA:66,10
DA:69,10
DA:70,0
DA:71,0
DA:72,0
DA:73,0
DA:74,0
DA:83,10
DA:89,10
DA:95,10
DA:96,10
DA:98,0
DA:99,0
DA:100,0
DA:101,0
DA:102,0
DA:104,10
DA:106,0
DA:107,0
DA:108,0
DA:111,10
DA:112,10
end_of_record
SF:D:\mingw64\include\c++\15.2.0\bits\stl_iterator.h
DA:1058,140
DA:1059,125
DA:1090,45
DA:1103,30
DA:1104,30
DA:1160,15
DA:1166,85
DA:1231,60
DA:1247,70
DA:1340,40
DA:3011,711
end_of_record
SF:D:\DEV\CalcSampleTDD_09\external\googletest\googletest\include\gtest\internal\gtest-internal.h
FN:418,_ZN7testing8internal9GetTypeIdI7SumTestEEPKvv
FNDA:20,_ZN7testing8internal9GetTypeIdI7SumTestEEPKvv
FN:437,_ZN7testing8internal15TestFactoryBaseD2Ev
FNDA:0,_ZN7testing8internal15TestFactoryBaseD2Ev
FN:444,_ZN7testing8internal15TestFactoryBaseC2Ev
FNDA:15,_ZN7testing8internal15TestFactoryBaseC2Ev
FN:456,_ZN7testing8internal15TestFactoryImplI30CalcSampleTest_Plus_Basic_TestE10CreateTestEv
FNDA:1,_ZN7testing8internal15TestFactoryImplI30CalcSampleTest_Plus_Basic_TestE10CreateTestEv
FN:477,_ZN7testing8internal12CodeLocationC1ENSt7__cxx1112basic_stringIcSt11char_traitsIcESaIcEEEi
FNDA:20,_ZN7testing8internal12CodeLocationC1ENSt7__cxx1112basic_stringIcSt11char_traitsIcESaIcEEEi
FN:490,_ZN7testing8internal19GetNotDefaultOrNullEPFvvES2_
FNDA:60,_ZN7testing8internal19GetNotDefaultOrNullEPFvvES2_
FN:505,_ZN7testing8internal16SuiteApiResolverI7SumTestE19GetSetUpCaseOrSuiteEPKci
FNDA:10,_ZN7testing8internal16SuiteApiResolverI7SumTestE19GetSetUpCaseOrSuiteEPKci
FN:505,_ZN7testing8internal16SuiteApiResolverINS_4TestEE19GetSetUpCaseOrSuiteEPKci
FNDA:5,_ZN7testing8internal16SuiteApiResolverINS_4TestEE19GetSetUpCaseOrSuiteEPKci
FN:526,_ZN7testing8internal16SuiteApiResolverINS_4TestEE22GetTearDownCaseOrSuiteEPKci
FNDA:5,_ZN7testing8internal16SuiteApiResolverINS_4TestEE22GetTearDownCaseOrSuiteEPKci
FN:526,_ZN7testing8internal16SuiteApiResolverI7SumTestE22GetTearDownCaseOrSuiteEPKci
FNDA:10,_ZN7testing8internal16SuiteApiResolverI7SumTestE22GetTearDownCaseOrSuiteEPKci
FN:823,_ZN7testing8internal11AlwaysFalseEv
FNDA:10,_ZN7testing8internal11AlwaysFalseEv
FN:1176,_ZN7testing8internal17FlatTupleElemBaseINS0_9FlatTupleIJSt5tupleIJiiiEES4_EEELy0EEC2IS4_EENS0_21FlatTupleConstructTagEOT_
FNDA:5,_ZN7testing8internal17FlatTupleElemBaseINS0_9FlatTupleIJSt5tupleIJiiiEES4_EEELy0EEC2IS4_EENS0_21FlatTupleConstructTagEOT_
FN:1176,_ZN7testing8internal17FlatTupleElemBaseINS0_9FlatTupleIJSt5tupleIJiiiEES4_EEELy1EEC2IS4_EENS0_21FlatTupleConstructTagEOT_
FNDA:5,_ZN7testing8internal17FlatTupleElemBaseINS0_9FlatTupleIJSt5tupleIJiiiEES4_EEELy1EEC2IS4_EENS0_21FlatTupleConstructTagEOT_
FN:1190,_ZN7testing8internal13FlatTupleBaseINS0_9FlatTupleIJSt5tupleIJiiiEES4_EEESt16integer_sequenceIyJLy0ELy1EEEEC2IJS4_S4_EEENS0_21FlatTupleConstructTagEDpOT_
FNDA:5,_ZN7testing8internal13FlatTupleBaseINS0_9FlatTupleIJSt5tupleIJiiiEES4_EEESt16integer_sequenceIyJLy0ELy1EEEEC2IJS4_S4_EEENS0_21FlatTupleConstructTagEDpOT_
FN:1195,_ZNK7testing8internal13FlatTupleBaseINS0_9FlatTupleIJSt5tupleIJiiiEES4_EEESt16integer_sequenceIyJLy0ELy1EEEE3GetILy0EEERKNS0_12ElemFromListIXT_EJS4_S4_EE4typeEv
FNDA:5,_ZNK7testing8internal13FlatTupleBaseINS0_9FlatTupleIJSt5tupleIJiiiEES4_EEESt16integer_sequenceIyJLy0ELy1EEEE3GetILy0EEERKNS0_12ElemFromListIXT_EJS4_S4_EE4typeEv
FN:1195,_ZNK7testing8internal13FlatTupleBaseINS0_9FlatTupleIJSt5tupleIJiiiEES4_EEESt16integer_sequenceIyJLy0ELy1EEEE3GetILy1EEERKNS0_12ElemFromListIXT_EJS4_S4_EE4typeEv
FNDA:5,_ZNK7testing8internal13FlatTupleBaseINS0_9FlatTupleIJSt5tupleIJiiiEES4_EEESt16integer_sequenceIyJLy0ELy1EEEE3GetILy1EEERKNS0_12ElemFromListIXT_EJS4_S4_EE4typeEv
FN:1235,_ZN7testing8internal9FlatTupleIJSt5tupleIJiiiEES3_EEC1IJS3_S3_EEENS0_21FlatTupleConstructTagEDpOT_
FNDA:5,_ZN7testing8internal9FlatTupleIJSt5tupleIJiiiEES3_EEC1IJS3_S3_EEENS0_21FlatTupleConstructTagEDpOT_
DA:418,20
DA:423,20
DA:437,0
DA:444,15
DA:456,2
DA:477,20
DA:478,40
DA:490,60
DA:492,60
DA:505,10
DA:509,10
DA:511,10
DA:513,10
DA:516,0
DA:518,10
DA:505,5
DA:509,5
DA:511,5
DA:513,5
DA:516,0
DA:518,5
DA:526,10
DA:530,10
DA:532,10
DA:534,10
DA:537,0
DA:539,10
DA:526,5
DA:530,5
DA:532,5
DA:534,5
DA:537,0
DA:539,5
DA:823,10
DA:1176,5
DA:1177,10
DA:1176,5
DA:1177,10
DA:1190,5
DA:1192,15
DA:1195,5
DA:1196,5
DA:1195,5
DA:1196,5
DA:1235,5
DA:1236,15
end_of_record
SF:D:\mingw64\include\c++\15.2.0\bits\move.h
DA:53,12814
DA:73,576
DA:139,1947
DA:177,12725
end_of_record
SF:D:\mingw64\include\c++\15.2.0\bits\stl_function.h
FN:374,_ZNKSt8equal_toINSt7__cxx1112basic_stringIcSt11char_traitsIcESaIcEEEEclERKS5_S8_
FNDA:24,_ZNKSt8equal_toINSt7__cxx1112basic_stringIcSt11char_traitsIcESaIcEEEEclERKS5_S8_
FN:404,_ZNKSt4lessINSt7__cxx1112basic_stringIcSt11char_traitsIcESaIcEEEEclERKS5_S8_
FNDA:20,_ZNKSt4lessINSt7__cxx1112basic_stringIcSt11char_traitsIcESaIcEEEEclERKS5_S8_
FN:1159,_ZNKSt9_IdentityINSt7__cxx1112basic_stringIcSt11char_traitsIcESaIcEEEEclERS5_
FNDA:15,_ZNKSt9_IdentityINSt7__cxx1112basic_stringIcSt11char_traitsIcESaIcEEEEclERS5_
FN:1163,_ZNKSt9_IdentityINSt7__cxx1112basic_stringIcSt11char_traitsIcESaIcEEEEclERKS5_
FNDA:20,_ZNKSt9_IdentityINSt7__cxx1112basic_stringIcSt11char_traitsIcESaIcEEEEclERKS5_
DA:374,24
DA:375,24
DA:404,20
DA:405,20
DA:1159,15
DA:1160,15
DA:1163,20
DA:1164,20
end_of_record
SF:D:\DEV\CalcSampleTDD_09\src\calc_sample.hpp
FN:6,_ZN10CalcSample3sumEii
FNDA:4,_ZN10CalcSample3sumEii
DA:6,4
DA:7,4
end_of_record
SF:D:\mingw64\include\c++\15.2.0\bits\stl_vector.h
FN:105,_ZNSt12_Vector_baseISt5tupleIJiiiEESaIS1_EE17_Vector_impl_dataC2Ev
FNDA:10,_ZNSt12_Vector_baseISt5tupleIJiiiEESaIS1_EE17_Vector_impl_dataC2Ev
FN:105,_ZNSt12_Vector_baseISt10shared_ptrIN7testing8internal26ParameterizedTestSuiteInfoI7SumTestE8TestInfoEESaIS7_EE17_Vector_impl_dataC2Ev
FNDA:5,_ZNSt12_Vector_baseISt10shared_ptrIN7testing8internal26ParameterizedTestSuiteInfoI7SumTestE8TestInfoEESaIS7_EE17_Vector_impl_dataC2Ev
FN:105,_ZNSt12_Vector_baseIN7testing8internal26ParameterizedTestSuiteInfoI7SumTestE17InstantiationInfoESaIS5_EE17_Vector_impl_dataC2Ev
FNDA:5,_ZNSt12_Vector_baseIN7testing8internal26ParameterizedTestSuiteInfoI7SumTestE17InstantiationInfoESaIS5_EE17_Vector_impl_dataC2Ev
FN:143,_ZNSt12_Vector_baseISt10shared_ptrIN7testing8internal26ParameterizedTestSuiteInfoI7SumTestE8TestInfoEESaIS7_EE12_Vector_implC1Ev
FNDA:5,_ZNSt12_Vector_baseISt10shared_ptrIN7testing8internal26ParameterizedTestSuiteInfoI7SumTestE8TestInfoEESaIS7_EE12_Vector_implC1Ev
FN:143,_ZNSt12_Vector_baseIN7testing8internal26ParameterizedTestSuiteInfoI7SumTestE17InstantiationInfoESaIS5_EE12_Vector_implC1Ev
FNDA:5,_ZNSt12_Vector_baseIN7testing8internal26ParameterizedTestSuiteInfoI7SumTestE17InstantiationInfoESaIS5_EE12_Vector_implC1Ev
FN:152,_ZNSt12_Vector_baseISt5tupleIJiiiEESaIS1_EE12_Vector_implC1ERKS2_
FNDA:10,_ZNSt12_Vector_baseISt5tupleIJiiiEESaIS1_EE12_Vector_implC1ERKS2_
FN:307,_ZNSt12_Vector_baseIPN7testing8internal30ParameterizedTestSuiteInfoBaseESaIS3_EE19_M_get_Tp_allocatorEv
FNDA:5,_ZNSt12_Vector_baseIPN7testing8internal30ParameterizedTestSuiteInfoBaseESaIS3_EE19_M_get_Tp_allocatorEv
FN:307,_ZNSt12_Vector_baseISt5tupleIJiiiEESaIS1_EE19_M_get_Tp_allocatorEv
FNDA:30,_ZNSt12_Vector_baseISt5tupleIJiiiEESaIS1_EE19_M_get_Tp_allocatorEv
FN:307,_ZNSt12_Vector_baseISt10shared_ptrIN7testing8internal26ParameterizedTestSuiteInfoI7SumTestE8TestInfoEESaIS7_EE19_M_get_Tp_allocatorEv
FNDA:5,_ZNSt12_Vector_baseISt10shared_ptrIN7testing8internal26ParameterizedTestSuiteInfoI7SumTestE8TestInfoEESaIS7_EE19_M_get_Tp_allocatorEv
FN:307,_ZNSt12_Vector_baseIN7testing8internal26ParameterizedTestSuiteInfoI7SumTestE17InstantiationInfoESaIS5_EE19_M_get_Tp_allocatorEv
FNDA:5,_ZNSt12_Vector_baseIN7testing8internal26ParameterizedTestSuiteInfoI7SumTestE17InstantiationInfoESaIS5_EE19_M_get_Tp_allocatorEv
FN:312,_ZNKSt12_Vector_baseIPN7testing8internal30ParameterizedTestSuiteInfoBaseESaIS3_EE19_M_get_Tp_allocatorEv
FNDA:10,_ZNKSt12_Vector_baseIPN7testing8internal30ParameterizedTestSuiteInfoBaseESaIS3_EE19_M_get_Tp_allocatorEv
FN:312,_ZNKSt12_Vector_baseIN7testing8internal26ParameterizedTestSuiteInfoI7SumTestE17InstantiationInfoESaIS5_EE19_M_get_Tp_allocatorEv
FNDA:10,_ZNKSt12_Vector_baseIN7testing8internal26ParameterizedTestSuiteInfoI7SumTestE17InstantiationInfoESaIS5_EE19_M_get_Tp_allocatorEv
FN:312,_ZNKSt12_Vector_baseISt10shared_ptrIN7testing8internal26ParameterizedTestSuiteInfoI7SumTestE8TestInfoEESaIS7_EE19_M_get_Tp_allocatorEv
FNDA:10,_ZNKSt12_Vector_baseISt10shared_ptrIN7testing8internal26ParameterizedTestSuiteInfoI7SumTestE8TestInfoEESaIS7_EE19_M_get_Tp_allocatorEv
FN:321,_ZNSt12_Vector_baseISt10shared_ptrIN7testing8internal26ParameterizedTestSuiteInfoI7SumTestE8TestInfoEESaIS7_EEC2Ev
FNDA:5,_ZNSt12_Vector_baseISt10shared_ptrIN7testing8internal26ParameterizedTestSuiteInfoI7SumTestE8TestInfoEESaIS7_EEC2Ev
FN:321,_ZNSt12_Vector_baseIN7testing8internal26ParameterizedTestSuiteInfoI7SumTestE17InstantiationInfoESaIS5_EEC2Ev
FNDA:5,_ZNSt12_Vector_baseIN7testing8internal26ParameterizedTestSuiteInfoI7SumTestE17InstantiationInfoESaIS5_EEC2Ev
FN:327,_ZNSt12_Vector_baseISt5tupleIJiiiEESaIS1_EEC2ERKS2_
FNDA:10,_ZNSt12_Vector_baseISt5tupleIJiiiEESaIS1_EEC2ERKS2_
FN:373,_ZNSt12_Vector_baseISt5tupleIJiiiEESaIS1_EED2Ev
FNDA:10,_ZNSt12_Vector_baseISt5tupleIJiiiEESaIS1_EED2Ev
FN:373,_ZNSt12_Vector_baseIN7testing8internal26ParameterizedTestSuiteInfoI7SumTestE17InstantiationInfoESaIS5_EED2Ev
FNDA:0,_ZNSt12_Vector_baseIN7testing8internal26ParameterizedTestSuiteInfoI7SumTestE17InstantiationInfoESaIS5_EED2Ev
FN:373,_ZNSt12_Vector_baseISt10shared_ptrIN7testing8internal26ParameterizedTestSuiteInfoI7SumTestE8TestInfoEESaIS7_EED2Ev
FNDA:0,_ZNSt12_Vector_baseISt10shared_ptrIN7testing8internal26ParameterizedTestSuiteInfoI7SumTestE8TestInfoEESaIS7_EED2Ev
FN:384,_ZNSt12_Vector_baseISt5tupleIJiiiEESaIS1_EE11_M_allocateEy
FNDA:10,_ZNSt12_Vector_baseISt5tupleIJiiiEESaIS1_EE11_M_allocateEy
FN:384,_ZNSt12_Vector_baseIPN7testing8internal30ParameterizedTestSuiteInfoBaseESaIS3_EE11_M_allocateEy
FNDA:5,_ZNSt12_Vector_baseIPN7testing8internal30ParameterizedTestSuiteInfoBaseESaIS3_EE11_M_allocateEy
FN:384,_ZNSt12_Vector_baseIN7testing8internal26ParameterizedTestSuiteInfoI7SumTestE17InstantiationInfoESaIS5_EE11_M_allocateEy
FNDA:5,_ZNSt12_Vector_baseIN7testing8internal26ParameterizedTestSuiteInfoI7SumTestE17InstantiationInfoESaIS5_EE11_M_allocateEy
FN:384,_ZNSt12_Vector_baseISt10shared_ptrIN7testing8internal26ParameterizedTestSuiteInfoI7SumTestE8TestInfoEESaIS7_EE11_M_allocateEy
FNDA:5,_ZNSt12_Vector_baseISt10shared_ptrIN7testing8internal26ParameterizedTestSuiteInfoI7SumTestE8TestInfoEESaIS7_EE11_M_allocateEy
FN:392,_ZNSt12_Vector_baseIN7testing8internal26ParameterizedTestSuiteInfoI7SumTestE17InstantiationInfoESaIS5_EE13_M_deallocateEPS5_y
FNDA:0,_ZNSt12_Vector_baseIN7testing8internal26ParameterizedTestSuiteInfoI7SumTestE17InstantiationInfoESaIS5_EE13_M_deallocateEPS5_y
FN:392,_ZNSt12_Vector_baseISt10shared_ptrIN7testing8internal26ParameterizedTestSuiteInfoI7SumTestE8TestInfoEESaIS7_EE13_M_deallocateEPS7_y
FNDA:0,_ZNSt12_Vector_baseISt10shared_ptrIN7testing8internal26ParameterizedTestSuiteInfoI7SumTestE8TestInfoEESaIS7_EE13_M_deallocateEPS7_y
FN:392,_ZNSt12_Vector_baseIPN7testing8internal30ParameterizedTestSuiteInfoBaseESaIS3_EE13_M_deallocateEPS3_y
FNDA:0,_ZNSt12_Vector_baseIPN7testing8internal30ParameterizedTestSuiteInfoBaseESaIS3_EE13_M_deallocateEPS3_y
FN:392,_ZNSt12_Vector_baseISt5tupleIJiiiEESaIS1_EE13_M_deallocateEPS1_y
FNDA:10,_ZNSt12_Vector_baseISt5tupleIJiiiEESaIS1_EE13_M_deallocateEPS1_y
FN:534,_ZNSt6vectorIPN7testing8internal30ParameterizedTestSuiteInfoBaseESaIS3_EE11_S_relocateEPS3_S6_S6_RS4_
FNDA:5,_ZNSt6vectorIPN7testing8internal30ParameterizedTestSuiteInfoBaseESaIS3_EE11_S_relocateEPS3_S6_S6_RS4_
FN:534,_ZNSt6vectorISt10shared_ptrIN7testing8internal26ParameterizedTestSuiteInfoI7SumTestE8TestInfoEESaIS7_EE11_S_relocateEPS7_SA_SA_RS8_
FNDA:5,_ZNSt6vectorISt10shared_ptrIN7testing8internal26ParameterizedTestSuiteInfoI7SumTestE8TestInfoEESaIS7_EE11_S_relocateEPS7_SA_SA_RS8_
FN:534,_ZNSt6vectorIN7testing8internal26ParameterizedTestSuiteInfoI7SumTestE17InstantiationInfoESaIS5_EE11_S_relocateEPS5_S8_S8_RS6_
FNDA:5,_ZNSt6vectorIN7testing8internal26ParameterizedTestSuiteInfoI7SumTestE17InstantiationInfoESaIS5_EE11_S_relocateEPS5_S8_S8_RS6_
FN:561,_ZNSt6vectorIN7testing8internal26ParameterizedTestSuiteInfoI7SumTestE17InstantiationInfoESaIS5_EEC1Ev
FNDA:5,_ZNSt6vectorIN7testing8internal26ParameterizedTestSuiteInfoI7SumTestE17InstantiationInfoESaIS5_EEC1Ev
FN:561,_ZNSt6vectorISt10shared_ptrIN7testing8internal26ParameterizedTestSuiteInfoI7SumTestE8TestInfoEESaIS7_EEC1Ev
FNDA:5,_ZNSt6vectorISt10shared_ptrIN7testing8internal26ParameterizedTestSuiteInfoI7SumTestE8TestInfoEESaIS7_EEC1Ev
FN:708,_ZNSt6vectorISt5tupleIJiiiEESaIS1_EEC1ESt16initializer_listIS1_ERKS2_
FNDA:5,_ZNSt6vectorISt5tupleIJiiiEESaIS1_EEC1ESt16initializer_listIS1_ERKS2_
FN:736,_ZNSt6vectorISt5tupleIJiiiEESaIS1_EEC1IN9__gnu_cxx17__normal_iteratorIPKS1_S3_EEvEET_SA_RKS2_
FNDA:5,_ZNSt6vectorISt5tupleIJiiiEESaIS1_EEC1IN9__gnu_cxx17__normal_iteratorIPKS1_S3_EEvEET_SA_RKS2_
FN:800,_ZNSt6vectorIN7testing8internal26ParameterizedTestSuiteInfoI7SumTestE17InstantiationInfoESaIS5_EED1Ev
FNDA:0,_ZNSt6vectorIN7testing8internal26ParameterizedTestSuiteInfoI7SumTestE17InstantiationInfoESaIS5_EED1Ev
FN:800,_ZNSt6vectorISt10shared_ptrIN7testing8internal26ParameterizedTestSuiteInfoI7SumTestE8TestInfoEESaIS7_EED1Ev
FNDA:0,_ZNSt6vectorISt10shared_ptrIN7testing8internal26ParameterizedTestSuiteInfoI7SumTestE8TestInfoEESaIS7_EED1Ev
FN:800,_ZNSt6vectorISt5tupleIJiiiEESaIS1_EED1Ev
FNDA:10,_ZNSt6vectorISt5tupleIJiiiEESaIS1_EED1Ev
FN:998,_ZNSt6vectorISt10shared_ptrIN7testing8internal26ParameterizedTestSuiteInfoI7SumTestE8TestInfoEESaIS7_EE5beginEv
FNDA:10,_ZNSt6vectorISt10shared_ptrIN7testing8internal26ParameterizedTestSuiteInfoI7SumTestE8TestInfoEESaIS7_EE5beginEv
FN:998,_ZNSt6vectorIPN7testing8internal30ParameterizedTestSuiteInfoBaseESaIS3_EE5beginEv
FNDA:10,_ZNSt6vectorIPN7testing8internal30ParameterizedTestSuiteInfoBaseESaIS3_EE5beginEv
FN:998,_ZNSt6vectorIN7testing8internal26ParameterizedTestSuiteInfoI7SumTestE17InstantiationInfoESaIS5_EE5beginEv
FNDA:10,_ZNSt6vectorIN7testing8internal26ParameterizedTestSuiteInfoI7SumTestE17InstantiationInfoESaIS5_EE5beginEv
FN:1008,_ZNKSt6vectorIPN7testing8internal30ParameterizedTestSuiteInfoBaseESaIS3_EE5beginEv
FNDA:5,_ZNKSt6vectorIPN7testing8internal30ParameterizedTestSuiteInfoBaseESaIS3_EE5beginEv
FN:1008,_ZNKSt6vectorISt5tupleIJiiiEESaIS1_EE5beginEv
FNDA:10,_ZNKSt6vectorISt5tupleIJiiiEESaIS1_EE5beginEv
FN:1008,_ZNKSt6vectorIN7testing8internal26ParameterizedTestSuiteInfoI7SumTestE17InstantiationInfoESaIS5_EE5beginEv
FNDA:5,_ZNKSt6vectorIN7testing8internal26ParameterizedTestSuiteInfoI7SumTestE17InstantiationInfoESaIS5_EE5beginEv
FN:1008,_ZNKSt6vectorISt10shared_ptrIN7testing8internal26ParameterizedTestSuiteInfoI7SumTestE8TestInfoEESaIS7_EE5beginEv
FNDA:5,_ZNKSt6vectorISt10shared_ptrIN7testing8internal26ParameterizedTestSuiteInfoI7SumTestE8TestInfoEESaIS7_EE5beginEv
FN:1018,_ZNSt6vectorIPN7testing8internal30ParameterizedTestSuiteInfoBaseESaIS3_EE3endEv
FNDA:15,_ZNSt6vectorIPN7testing8internal30ParameterizedTestSuiteInfoBaseESaIS3_EE3endEv
FN:1018,_ZNSt6vectorISt10shared_ptrIN7testing8internal26ParameterizedTestSuiteInfoI7SumTestE8TestInfoEESaIS7_EE3endEv
FNDA:15,_ZNSt6vectorISt10shared_ptrIN7testing8internal26ParameterizedTestSuiteInfoI7SumTestE8TestInfoEESaIS7_EE3endEv
FN:1018,_ZNSt6vectorIN7testing8internal26ParameterizedTestSuiteInfoI7SumTestE17InstantiationInfoESaIS5_EE3endEv
FNDA:15,_ZNSt6vectorIN7testing8internal26ParameterizedTestSuiteInfoI7SumTestE17InstantiationInfoESaIS5_EE3endEv
FN:1028,_ZNKSt6vectorISt10shared_ptrIN7testing8internal26ParameterizedTestSuiteInfoI7SumTestE8TestInfoEESaIS7_EE3endEv
FNDA:5,_ZNKSt6vectorISt10shared_ptrIN7testing8internal26ParameterizedTestSuiteInfoI7SumTestE8TestInfoEESaIS7_EE3endEv
FN:1028,_ZNKSt6vectorIPN7testing8internal30ParameterizedTestSuiteInfoBaseESaIS3_EE3endEv
FNDA:5,_ZNKSt6vectorIPN7testing8internal30ParameterizedTestSuiteInfoBaseESaIS3_EE3endEv
FN:1028,_ZNKSt6vectorIN7testing8internal26ParameterizedTestSuiteInfoI7SumTestE17InstantiationInfoESaIS5_EE3endEv
FNDA:5,_ZNKSt6vectorIN7testing8internal26ParameterizedTestSuiteInfoI7SumTestE17InstantiationInfoESaIS5_EE3endEv
FN:1028,_ZNKSt6vectorISt5tupleIJiiiEESaIS1_EE3endEv
FNDA:10,_ZNKSt6vectorISt5tupleIJiiiEESaIS1_EE3endEv
FN:1117,_ZNKSt6vectorISt10shared_ptrIN7testing8internal26ParameterizedTestSuiteInfoI7SumTestE8TestInfoEESaIS7_EE4sizeEv
FNDA:20,_ZNKSt6vectorISt10shared_ptrIN7testing8internal26ParameterizedTestSuiteInfoI7SumTestE8TestInfoEESaIS7_EE4sizeEv
FN:1117,_ZNKSt6vectorIPN7testing8internal30ParameterizedTestSuiteInfoBaseESaIS3_EE4sizeEv
FNDA:30,_ZNKSt6vectorIPN7testing8internal30ParameterizedTestSuiteInfoBaseESaIS3_EE4sizeEv
FN:1117,_ZNKSt6vectorIN7testing8internal26ParameterizedTestSuiteInfoI7SumTestE17InstantiationInfoESaIS5_EE4sizeEv
FNDA:20,_ZNKSt6vectorIN7testing8internal26ParameterizedTestSuiteInfoI7SumTestE17InstantiationInfoESaIS5_EE4sizeEv
FN:1128,_ZNKSt6vectorISt10shared_ptrIN7testing8internal26ParameterizedTestSuiteInfoI7SumTestE8TestInfoEESaIS7_EE8max_sizeEv
FNDA:10,_ZNKSt6vectorISt10shared_ptrIN7testing8internal26ParameterizedTestSuiteInfoI7SumTestE8TestInfoEESaIS7_EE8max_sizeEv
FN:1128,_ZNKSt6vectorIN7testing8internal26ParameterizedTestSuiteInfoI7SumTestE17InstantiationInfoESaIS5_EE8max_sizeEv
FNDA:10,_ZNKSt6vectorIN7testing8internal26ParameterizedTestSuiteInfoI7SumTestE17InstantiationInfoESaIS5_EE8max_sizeEv
FN:1128,_ZNKSt6vectorIPN7testing8internal30ParameterizedTestSuiteInfoBaseESaIS3_EE8max_sizeEv
FNDA:10,_ZNKSt6vectorIPN7testing8internal30ParameterizedTestSuiteInfoBaseESaIS3_EE8max_sizeEv
FN:1223,_ZNKSt6vectorISt10shared_ptrIN7testing8internal26ParameterizedTestSuiteInfoI7SumTestE8TestInfoEESaIS7_EE5emptyEv
FNDA:5,_ZNKSt6vectorISt10shared_ptrIN7testing8internal26ParameterizedTestSuiteInfoI7SumTestE8TestInfoEESaIS7_EE5emptyEv
FN:1223,_ZNKSt6vectorIPN7testing8internal30ParameterizedTestSuiteInfoBaseESaIS3_EE5emptyEv
FNDA:5,_ZNKSt6vectorIPN7testing8internal30ParameterizedTestSuiteInfoBaseESaIS3_EE5emptyEv
FN:1223,_ZNKSt6vectorIN7testing8internal26ParameterizedTestSuiteInfoI7SumTestE17InstantiationInfoESaIS5_EE5emptyEv
FNDA:5,_ZNKSt6vectorIN7testing8internal26ParameterizedTestSuiteInfoI7SumTestE17InstantiationInfoESaIS5_EE5emptyEv
FN:1261,_ZNSt6vectorIPN7testing8internal30ParameterizedTestSuiteInfoBaseESaIS3_EEixEy
FNDA:5,_ZNSt6vectorIPN7testing8internal30ParameterizedTestSuiteInfoBaseESaIS3_EEixEy
FN:1368,_ZNSt6vectorIN7testing8internal26ParameterizedTestSuiteInfoI7SumTestE17InstantiationInfoESaIS5_EE4backEv
FNDA:5,_ZNSt6vectorIN7testing8internal26ParameterizedTestSuiteInfoI7SumTestE17InstantiationInfoESaIS5_EE4backEv
FN:1368,_ZNSt6vectorISt10shared_ptrIN7testing8internal26ParameterizedTestSuiteInfoI7SumTestE8TestInfoEESaIS7_EE4backEv
FNDA:5,_ZNSt6vectorISt10shared_ptrIN7testing8internal26ParameterizedTestSuiteInfoI7SumTestE8TestInfoEESaIS7_EE4backEv
FN:1368,_ZNSt6vectorIPN7testing8internal30ParameterizedTestSuiteInfoBaseESaIS3_EE4backEv
FNDA:5,_ZNSt6vectorIPN7testing8internal30ParameterizedTestSuiteInfoBaseESaIS3_EE4backEv
FN:1433,_ZNSt6vectorIPN7testing8internal30ParameterizedTestSuiteInfoBaseESaIS3_EE9push_backEOS3_
FNDA:5,_ZNSt6vectorIPN7testing8internal30ParameterizedTestSuiteInfoBaseESaIS3_EE9push_backEOS3_
FN:1875,_ZNSt6vectorIPN7testing8internal30ParameterizedTestSuiteInfoBaseESaIS3_EE12_Guard_allocC1EPS3_yRSt12_Vector_baseIS3_S4_E
FNDA:5,_ZNSt6vectorIPN7testing8internal30ParameterizedTestSuiteInfoBaseESaIS3_EE12_Guard_allocC1EPS3_yRSt12_Vector_baseIS3_S4_E
FN:1875,_ZNSt6vectorIN7testing8internal26ParameterizedTestSuiteInfoI7SumTestE17InstantiationInfoESaIS5_EE12_Guard_allocC1EPS5_yRSt12_Vector_baseIS5_S6_E
FNDA:5,_ZNSt6vectorIN7testing8internal26ParameterizedTestSuiteInfoI7SumTestE17InstantiationInfoESaIS5_EE12_Guard_allocC1EPS5_yRSt12_Vector_baseIS5_S6_E
FN:1875,_ZNSt6vectorISt10shared_ptrIN7testing8internal26ParameterizedTestSuiteInfoI7SumTestE8TestInfoEESaIS7_EE12_Guard_allocC1EPS7_yRSt12_Vector_baseIS7_S8_E
FNDA:5,_ZNSt6vectorISt10shared_ptrIN7testing8internal26ParameterizedTestSuiteInfoI7SumTestE8TestInfoEESaIS7_EE12_Guard_allocC1EPS7_yRSt12_Vector_baseIS7_S8_E
FN:1880,_ZNSt6vectorIPN7testing8internal30ParameterizedTestSuiteInfoBaseESaIS3_EE12_Guard_allocD1Ev
FNDA:5,_ZNSt6vectorIPN7testing8internal30ParameterizedTestSuiteInfoBaseESaIS3_EE12_Guard_allocD1Ev
FN:1880,_ZNSt6vectorIN7testing8internal26ParameterizedTestSuiteInfoI7SumTestE17InstantiationInfoESaIS5_EE12_Guard_allocD1Ev
FNDA:5,_ZNSt6vectorIN7testing8internal26ParameterizedTestSuiteInfoI7SumTestE17InstantiationInfoESaIS5_EE12_Guard_allocD1Ev
FN:1880,_ZNSt6vectorISt10shared_ptrIN7testing8internal26ParameterizedTestSuiteInfoI7SumTestE8TestInfoEESaIS7_EE12_Guard_allocD1Ev
FNDA:5,_ZNSt6vectorISt10shared_ptrIN7testing8internal26ParameterizedTestSuiteInfoI7SumTestE8TestInfoEESaIS7_EE12_Guard_allocD1Ev
FN:1971,_ZNSt6vectorISt5tupleIJiiiEESaIS1_EE19_M_range_initializeIN9__gnu_cxx17__normal_iteratorIPKS1_S3_EEEEvT_SA_St20forward_iterator_tag
FNDA:5,_ZNSt6vectorISt5tupleIJiiiEESaIS1_EE19_M_range_initializeIN9__gnu_cxx17__normal_iteratorIPKS1_S3_EEEEvT_SA_St20forward_iterator_tag
FN:1981,_ZNSt6vectorISt5tupleIJiiiEESaIS1_EE21_M_range_initialize_nIPKS1_S6_EEvT_T0_y
FNDA:5,_ZNSt6vectorISt5tupleIJiiiEESaIS1_EE21_M_range_initialize_nIPKS1_S6_EEvT_T0_y
FN:1981,_ZNSt6vectorISt5tupleIJiiiEESaIS1_EE21_M_range_initialize_nIN9__gnu_cxx17__normal_iteratorIPKS1_S3_EES9_EEvT_T0_y
FNDA:5,_ZNSt6vectorISt5tupleIJiiiEESaIS1_EE21_M_range_initialize_nIN9__gnu_cxx17__normal_iteratorIPKS1_S3_EES9_EEvT_T0_y
FN:2197,_ZNKSt6vectorIN7testing8internal26ParameterizedTestSuiteInfoI7SumTestE17InstantiationInfoESaIS5_EE12_M_check_lenEyPKc
FNDA:5,_ZNKSt6vectorIN7testing8internal26ParameterizedTestSuiteInfoI7SumTestE17InstantiationInfoESaIS5_EE12_M_check_lenEyPKc
FN:2197,_ZNKSt6vectorISt10shared_ptrIN7testing8internal26ParameterizedTestSuiteInfoI7SumTestE8TestInfoEESaIS7_EE12_M_check_lenEyPKc
FNDA:5,_ZNKSt6vectorISt10shared_ptrIN7testing8internal26ParameterizedTestSuiteInfoI7SumTestE8TestInfoEESaIS7_EE12_M_check_lenEyPKc
FN:2197,_ZNKSt6vectorIPN7testing8internal30ParameterizedTestSuiteInfoBaseESaIS3_EE12_M_check_lenEyPKc
FNDA:5,_ZNKSt6vectorIPN7testing8internal30ParameterizedTestSuiteInfoBaseESaIS3_EE12_M_check_lenEyPKc
FN:2208,_ZNSt6vectorISt5tupleIJiiiEESaIS1_EE17_S_check_init_lenEyRKS2_
FNDA:10,_ZNSt6vectorISt5tupleIJiiiEESaIS1_EE17_S_check_init_lenEyRKS2_
FN:2217,_ZNSt6vectorISt5tupleIJiiiEESaIS1_EE11_S_max_sizeERKS2_
FNDA:10,_ZNSt6vectorISt5tupleIJiiiEESaIS1_EE11_S_max_sizeERKS2_
FN:2217,_ZNSt6vectorIN7testing8internal26ParameterizedTestSuiteInfoI7SumTestE17InstantiationInfoESaIS5_EE11_S_max_sizeERKS6_
FNDA:10,_ZNSt6vectorIN7testing8internal26ParameterizedTestSuiteInfoI7SumTestE17InstantiationInfoESaIS5_EE11_S_max_sizeERKS6_
FN:2217,_ZNSt6vectorIPN7testing8internal30ParameterizedTestSuiteInfoBaseESaIS3_EE11_S_max_sizeERKS4_
FNDA:10,_ZNSt6vectorIPN7testing8internal30ParameterizedTestSuiteInfoBaseESaIS3_EE11_S_max_sizeERKS4_
FN:2217,_ZNSt6vectorISt10shared_ptrIN7testing8internal26ParameterizedTestSuiteInfoI7SumTestE8TestInfoEESaIS7_EE11_S_max_sizeERKS8_
FNDA:10,_ZNSt6vectorISt10shared_ptrIN7testing8internal26ParameterizedTestSuiteInfoI7SumTestE8TestInfoEESaIS7_EE11_S_max_sizeERKS8_
DA:105,10
DA:106,10
DA:107,10
DA:105,5
DA:106,5
DA:107,5
DA:105,5
DA:106,5
DA:107,5
DA:143,5
DA:148,5
DA:149,5
DA:143,5
DA:148,5
DA:149,5
DA:152,10
DA:153,10
DA:154,10
DA:307,5
DA:308,5
DA:307,5
DA:308,5
DA:307,30
DA:308,30
DA:307,5
DA:308,5
DA:312,10
DA:313,10
DA:312,10
DA:313,10
DA:312,10
DA:313,10
DA:321,5
DA:321,5
DA:327,10
DA:328,10
DA:373,10
DA:375,10
DA:376,10
DA:377,10
DA:373,0
DA:375,0
DA:376,0
DA:377,0
DA:373,0
DA:375,0
DA:376,0
DA:377,0
DA:384,10
DA:387,20
DA:384,5
DA:387,10
DA:384,5
DA:387,10
DA:384,5
DA:387,10
DA:392,10
DA:395,10
DA:396,10
DA:397,10
DA:392,0
DA:395,0
DA:396,0
DA:397,0
DA:392,0
DA:395,0
DA:396,0
DA:397,0
DA:392,0
DA:395,0
DA:396,0
DA:397,0
DA:534,5
DA:539,5
DA:534,5
DA:539,5
DA:534,5
DA:539,5
DA:561,5
DA:561,5
DA:708,5
DA:710,5
DA:712,5
DA:713,5
DA:736,5
DA:738,5
DA:751,5
DA:752,5
DA:753,5
DA:800,0
DA:802,0
DA:803,0
DA:805,0
DA:800,0
DA:802,0
DA:803,0
DA:805,0
DA:800,10
DA:802,10
DA:803,10
DA:805,10
DA:998,10
DA:999,10
DA:998,10
DA:999,10
DA:998,10
DA:999,10
DA:1008,5
DA:1009,5
DA:1008,5
DA:1009,5
DA:1008,5
DA:1009,5
DA:1008,10
DA:1009,10
DA:1018,15
DA:1019,15
DA:1018,15
DA:1019,15
DA:1018,15
DA:1019,15
DA:1028,5
DA:1029,5
DA:1028,5
DA:1029,5
DA:1028,5
DA:1029,5
DA:1028,10
DA:1029,10
DA:1117,20
DA:1119,20
DA:1120,20
DA:1121,0
DA:1122,20
DA:1117,20
DA:1119,20
DA:1120,20
DA:1121,0
DA:1122,20
DA:1117,30
DA:1119,30
DA:1120,30
DA:1121,0
DA:1122,30
DA:1128,10
DA:1129,10
DA:1128,10
DA:1129,10
DA:1128,10
DA:1129,10
DA:1223,5
DA:1224,10
DA:1223,5
DA:1224,10
DA:1223,5
DA:1224,10
DA:1261,5
DA:1263,5
DA:1264,5
DA:1368,5
DA:1370,5
DA:1371,15
DA:1368,5
DA:1370,5
DA:1371,15
DA:1368,5
DA:1370,5
DA:1371,15
DA:1433,5
DA:1434,5
DA:1875,5
DA:1876,5
DA:1877,5
DA:1875,5
DA:1876,5
DA:1877,5
DA:1875,5
DA:1876,5
DA:1877,5
DA:1880,5
DA:1882,5
DA:1883,0
DA:1884,5
DA:1880,5
DA:1882,5
DA:1883,0
DA:1884,5
DA:1880,5
DA:1882,5
DA:1883,0
DA:1884,5
DA:1971,5
DA:1974,5
DA:1975,5
DA:1976,5
DA:1981,5
DA:1985,5
DA:1986,5
DA:1987,5
DA:1989,5
DA:1990,5
DA:1991,5
DA:1981,5
DA:1985,5
DA:1986,5
DA:1987,5
DA:1989,5
DA:1990,5
DA:1991,5
DA:2197,5
DA:2199,5
DA:2200,0
DA:2202,5
DA:2203,5
DA:2197,5
DA:2199,5
DA:2200,0
DA:2202,5
DA:2203,5
DA:2197,5
DA:2199,5
DA:2200,0
DA:2202,5
DA:2203,5
DA:2208,10
DA:2210,10
DA:2211,0
DA:2213,10
DA:2217,10
DA:2222,10
DA:2224,10
DA:2225,10
DA:2217,10
DA:2222,10
DA:2224,10
DA:2225,10
DA:2217,10
DA:2222,10
DA:2224,10
DA:2225,10
DA:2217,10
DA:2222,10
DA:2224,10
DA:2225,10
end_of_record
SF:D:\mingw64\include\c++\15.2.0\bits\functional_hash.h
FN:207,_ZNSt10_Hash_impl4hashEPKvyy
FNDA:94,_ZNSt10_Hash_impl4hashEPKvyy
DA:207,94
DA:209,94
end_of_record
SF:D:\mingw64\include\c++\15.2.0\new
FN:206,_ZnwyPv
FNDA:596,_ZnwyPv
FN:217,_ZdlPvS_
FNDA:0,_ZdlPvS_
DA:206,596
DA:208,596
DA:217,0
DA:219,0
end_of_record
SF:D:\DEV\CalcSampleTDD_09\external\googletest\googletest\include\gtest\gtest-message.h
end_of_record
SF:D:\mingw64\include\c++\15.2.0\bits\char_traits.h
FN:138,_ZN9__gnu_cxx11char_traitsIcE2eqERKcS3_
FNDA:0,_ZN9__gnu_cxx11char_traitsIcE2eqERKcS3_
FN:201,_ZN9__gnu_cxx11char_traitsIcE6lengthEPKc
FNDA:0,_ZN9__gnu_cxx11char_traitsIcE6lengthEPKc
FN:345,_ZNSt11char_traitsIcE6assignERcRKc
FNDA:16418,_ZNSt11char_traitsIcE6assignERcRKc
FN:360,_ZNSt11char_traitsIcE2ltERKcS2_
FNDA:0,_ZNSt11char_traitsIcE2ltERKcS2_
FN:368,_ZNSt11char_traitsIcE7compareEPKcS2_y
FNDA:139,_ZNSt11char_traitsIcE7compareEPKcS2_y
FN:387,_ZNSt11char_traitsIcE6lengthEPKc
FNDA:928,_ZNSt11char_traitsIcE6lengthEPKc
FN:421,_ZNSt11char_traitsIcE4copyEPcPKcy
FNDA:1363,_ZNSt11char_traitsIcE4copyEPcPKcy
DA:138,0
DA:139,0
DA:201,0
DA:204,0
DA:205,0
DA:206,0
DA:207,0
DA:345,16418
DA:352,16418
DA:353,16418
DA:360,0
DA:363,0
DA:364,0
DA:368,139
DA:370,139
DA:371,0
DA:373,139
DA:375,0
DA:376,0
DA:377,0
DA:378,0
DA:379,0
DA:380,0
DA:383,139
DA:387,928
DA:390,928
DA:391,0
DA:393,928
DA:421,1363
DA:423,1363
DA:424,38
DA:429,1325
end_of_record
SF:D:\DEV\CalcSampleTDD_09\test\calc_sample_test.cpp
FN:5,_ZN30CalcSampleTest_Plus_Basic_TestC1Ev
FNDA:1,_ZN30CalcSampleTest_Plus_Basic_TestC1Ev
FN:5,_ZN30CalcSampleTest_Plus_Basic_TestD0Ev
FNDA:1,_ZN30CalcSampleTest_Plus_Basic_TestD0Ev
FN:5,_ZN30CalcSampleTest_Plus_Basic_TestD1Ev
FNDA:1,_ZN30CalcSampleTest_Plus_Basic_TestD1Ev
FN:5,_ZN30CalcSampleTest_Plus_Basic_Test8TestBodyEv
FNDA:1,_ZN30CalcSampleTest_Plus_Basic_Test8TestBodyEv
FN:14,_ZN18SumTest_Check_Test8TestBodyEv
FNDA:2,_ZN18SumTest_Check_Test8TestBodyEv
FN:14,_ZN18SumTest_Check_Test13AddToRegistryEv
FNDA:5,_ZN18SumTest_Check_Test13AddToRegistryEv
FN:14,_ZN18SumTest_Check_TestC1Ev
FNDA:2,_ZN18SumTest_Check_TestC1Ev
FN:19,_ZL36gtest_CasesSumTest_EvalGenerateName_RKN7testing13TestParamInfoISt5tupleIJiiiEEEE
FNDA:10,_ZL36gtest_CasesSumTest_EvalGenerateName_RKN7testing13TestParamInfoISt5tupleIJiiiEEEE
FN:19,_ZL33gtest_CasesSumTest_EvalGenerator_v
FNDA:5,_ZL33gtest_CasesSumTest_EvalGenerator_v
DA:5,1
DA:5,1
DA:5,1
DA:5,1
DA:6,1
DA:7,1
DA:8,1
DA:14,2
DA:15,2
DA:16,2
DA:17,2
DA:14,35
DA:14,2
DA:19,10
DA:19,5
end_of_record
SF:D:\mingw64\include\c++\15.2.0\bits\stl_iterator_base_types.h
DA:242,676
end_of_record
SF:D:\DEV\CalcSampleTDD_09\external\googletest\googletest\include\gtest\internal\gtest-param-util.h
FN:64,_ZN7testing13TestParamInfoISt5tupleIJiiiEEEC1ERKS2_y
FNDA:10,_ZN7testing13TestParamInfoISt5tupleIJiiiEEEC1ERKS2_y
FN:101,_ZN7testing8internal22ParamIteratorInterfaceISt5tupleIJiiiEEED2Ev
FNDA:10,_ZN7testing8internal22ParamIteratorInterfaceISt5tupleIJiiiEEED2Ev
FN:142,_ZNK7testing8internal13ParamIteratorISt5tupleIJiiiEEEdeEv
FNDA:10,_ZNK7testing8internal13ParamIteratorISt5tupleIJiiiEEEdeEv
FN:145,_ZN7testing8internal13ParamIteratorISt5tupleIJiiiEEEppEv
FNDA:10,_ZN7testing8internal13ParamIteratorISt5tupleIJiiiEEEppEv
FN:155,_ZNK7testing8internal13ParamIteratorISt5tupleIJiiiEEEeqERKS4_
FNDA:15,_ZNK7testing8internal13ParamIteratorISt5tupleIJiiiEEEeqERKS4_
FN:158,_ZNK7testing8internal13ParamIteratorISt5tupleIJiiiEEEneERKS4_
FNDA:15,_ZNK7testing8internal13ParamIteratorISt5tupleIJiiiEEEneERKS4_
FN:164,_ZN7testing8internal13ParamIteratorISt5tupleIJiiiEEEC1EPNS0_22ParamIteratorInterfaceIS3_EE
FNDA:10,_ZN7testing8internal13ParamIteratorISt5tupleIJiiiEEEC1EPNS0_22ParamIteratorInterfaceIS3_EE
FN:175,_ZN7testing8internal23ParamGeneratorInterfaceISt5tupleIJiiiEEED2Ev
FNDA:5,_ZN7testing8internal23ParamGeneratorInterfaceISt5tupleIJiiiEEED2Ev
FN:192,_ZN7testing8internal14ParamGeneratorISt5tupleIJiiiEEEC1EPNS0_23ParamGeneratorInterfaceIS3_EE
FNDA:5,_ZN7testing8internal14ParamGeneratorISt5tupleIJiiiEEEC1EPNS0_23ParamGeneratorInterfaceIS3_EE
FN:200,_ZNK7testing8internal14ParamGeneratorISt5tupleIJiiiEEE5beginEv
FNDA:5,_ZNK7testing8internal14ParamGeneratorISt5tupleIJiiiEEE5beginEv
FN:201,_ZNK7testing8internal14ParamGeneratorISt5tupleIJiiiEEE3endEv
FNDA:5,_ZNK7testing8internal14ParamGeneratorISt5tupleIJiiiEEE3endEv
FN:301,_ZN7testing8internal30ValuesInIteratorRangeGeneratorISt5tupleIJiiiEEEC1IN9__gnu_cxx17__normal_iteratorIPKS3_St6vectorIS3_SaIS3_EEEEEET_SE_
FNDA:5,_ZN7testing8internal30ValuesInIteratorRangeGeneratorISt5tupleIJiiiEEEC1IN9__gnu_cxx17__normal_iteratorIPKS3_St6vectorIS3_SaIS3_EEEEEET_SE_
FN:303,_ZN7testing8internal30ValuesInIteratorRangeGeneratorISt5tupleIJiiiEEED1Ev
FNDA:5,_ZN7testing8internal30ValuesInIteratorRangeGeneratorISt5tupleIJiiiEEED1Ev
FN:303,_ZN7testing8internal30ValuesInIteratorRangeGeneratorISt5tupleIJiiiEEED0Ev
FNDA:5,_ZN7testing8internal30ValuesInIteratorRangeGeneratorISt5tupleIJiiiEEED0Ev
FN:305,_ZNK7testing8internal30ValuesInIteratorRangeGeneratorISt5tupleIJiiiEEE5BeginEv
FNDA:5,_ZNK7testing8internal30ValuesInIteratorRangeGeneratorISt5tupleIJiiiEEE5BeginEv
FN:308,_ZNK7testing8internal30ValuesInIteratorRangeGeneratorISt5tupleIJiiiEEE3EndEv
FNDA:5,_ZNK7testing8internal30ValuesInIteratorRangeGeneratorISt5tupleIJiiiEEE3EndEv
FN:317,_ZN7testing8internal30ValuesInIteratorRangeGeneratorISt5tupleIJiiiEEE8IteratorC1EPKNS0_23ParamGeneratorInterfaceIS3_EEN9__gnu_cxx17__normal_iteratorIPKS3_St6vectorIS3_SaIS3_EEEE
FNDA:10,_ZN7testing8internal30ValuesInIteratorRangeGeneratorISt5tupleIJiiiEEE8IteratorC1EPKNS0_23ParamGeneratorInterfaceIS3_EEN9__gnu_cxx17__normal_iteratorIPKS3_St6vectorIS3_SaIS3_EEEE
FN:320,_ZN7testing8internal30ValuesInIteratorRangeGeneratorISt5tupleIJiiiEEE8IteratorD1Ev
FNDA:10,_ZN7testing8internal30ValuesInIteratorRangeGeneratorISt5tupleIJiiiEEE8IteratorD1Ev
FN:320,_ZN7testing8internal30ValuesInIteratorRangeGeneratorISt5tupleIJiiiEEE8IteratorD0Ev
FNDA:10,_ZN7testing8internal30ValuesInIteratorRangeGeneratorISt5tupleIJiiiEEE8IteratorD0Ev
FN:322,_ZNK7testing8internal30ValuesInIteratorRangeGeneratorISt5tupleIJiiiEEE8Iterator13BaseGeneratorEv
FNDA:30,_ZNK7testing8internal30ValuesInIteratorRangeGeneratorISt5tupleIJiiiEEE8Iterator13BaseGeneratorEv
FN:325,_ZN7testing8internal30ValuesInIteratorRangeGeneratorISt5tupleIJiiiEEE8Iterator7AdvanceEv
FNDA:10,_ZN7testing8internal30ValuesInIteratorRangeGeneratorISt5tupleIJiiiEEE8Iterator7AdvanceEv
FN:329,_ZNK7testing8internal30ValuesInIteratorRangeGeneratorISt5tupleIJiiiEEE8Iterator5CloneEv
FNDA:0,_ZNK7testing8internal30ValuesInIteratorRangeGeneratorISt5tupleIJiiiEEE8Iterator5CloneEv
FN:339,_ZNK7testing8internal30ValuesInIteratorRangeGeneratorISt5tupleIJiiiEEE8Iterator7CurrentEv
FNDA:10,_ZNK7testing8internal30ValuesInIteratorRangeGeneratorISt5tupleIJiiiEEE8Iterator7CurrentEv
FN:343,_ZNK7testing8internal30ValuesInIteratorRangeGeneratorISt5tupleIJiiiEEE8Iterator6EqualsERKNS0_22ParamIteratorInterfaceIS3_EE
FNDA:15,_ZNK7testing8internal30ValuesInIteratorRangeGeneratorISt5tupleIJiiiEEE8Iterator6EqualsERKNS0_22ParamIteratorInterfaceIS3_EE
FN:354,_ZN7testing8internal30ValuesInIteratorRangeGeneratorISt5tupleIJiiiEEE8IteratorC1ERKS5_
FNDA:0,_ZN7testing8internal30ValuesInIteratorRangeGeneratorISt5tupleIJiiiEEE8IteratorC1ERKS5_
FN:382,_ZN7testing8internal16DefaultParamNameISt5tupleIJiiiEEEENSt7__cxx1112basic_stringIcSt11char_traitsIcESaIcEEERKNS_13TestParamInfoIT_EE
FNDA:10,_ZN7testing8internal16DefaultParamNameISt5tupleIJiiiEEEENSt7__cxx1112basic_stringIcSt11char_traitsIcESaIcEEERKNS_13TestParamInfoIT_EE
FN:391,_ZN7testing8internal12TestNotEmptyIFNSt7__cxx1112basic_stringIcSt11char_traitsIcESaIcEEERKNS_13TestParamInfoISt5tupleIJiiiEEEEEEEvRKT_
FNDA:0,_ZN7testing8internal12TestNotEmptyIFNSt7__cxx1112basic_stringIcSt11char_traitsIcESaIcEEERKNS_13TestParamInfoISt5tupleIJiiiEEEEEEEvRKT_
FN:401,_ZN7testing8internal24ParameterizedTestFactoryI18SumTest_Check_TestEC1ESt5tupleIJiiiEE
FNDA:10,_ZN7testing8internal24ParameterizedTestFactoryI18SumTest_Check_TestEC1ESt5tupleIJiiiEE
FN:403,_ZN7testing8internal24ParameterizedTestFactoryI18SumTest_Check_TestE10CreateTestEv
FNDA:2,_ZN7testing8internal24ParameterizedTestFactoryI18SumTest_Check_TestE10CreateTestEv
FN:422,_ZN7testing8internal19TestMetaFactoryBaseISt5tupleIJiiiEEED2Ev
FNDA:0,_ZN7testing8internal19TestMetaFactoryBaseISt5tupleIJiiiEEED2Ev
FN:441,_ZN7testing8internal15TestMetaFactoryI18SumTest_Check_TestEC1Ev
FNDA:5,_ZN7testing8internal15TestMetaFactoryI18SumTest_Check_TestEC1Ev
FN:443,_ZN7testing8internal15TestMetaFactoryI18SumTest_Check_TestE17CreateTestFactoryESt5tupleIJiiiEE
FNDA:10,_ZN7testing8internal15TestMetaFactoryI18SumTest_Check_TestE17CreateTestFactoryESt5tupleIJiiiEE
FN:464,_ZN7testing8internal30ParameterizedTestSuiteInfoBaseD2Ev
FNDA:0,_ZN7testing8internal30ParameterizedTestSuiteInfoBaseD2Ev
FN:477,_ZN7testing8internal30ParameterizedTestSuiteInfoBaseC2Ev
FNDA:5,_ZN7testing8internal30ParameterizedTestSuiteInfoBaseC2Ev
FN:515,_ZN7testing8internal26ParameterizedTestSuiteInfoI7SumTestEC1ENSt7__cxx1112basic_stringIcSt11char_traitsIcESaIcEEENS0_12CodeLocationE
FNDA:5,_ZN7testing8internal26ParameterizedTestSuiteInfoI7SumTestEC1ENSt7__cxx1112basic_stringIcSt11char_traitsIcESaIcEEENS0_12CodeLocationE
FN:521,_ZNK7testing8internal26ParameterizedTestSuiteInfoI7SumTestE16GetTestSuiteNameB5cxx11Ev
FNDA:0,_ZNK7testing8internal26ParameterizedTestSuiteInfoI7SumTestE16GetTestSuiteNameB5cxx11Ev
FN:525,_ZNK7testing8internal26ParameterizedTestSuiteInfoI7SumTestE18GetTestSuiteTypeIdEv
FNDA:15,_ZNK7testing8internal26ParameterizedTestSuiteInfoI7SumTestE18GetTestSuiteTypeIdEv
FN:532,_ZN7testing8internal26ParameterizedTestSuiteInfoI7SumTestE14AddTestPatternEPKcS5_PNS0_19TestMetaFactoryBaseISt5tupleIJiiiEEEENS0_12CodeLocationE
FNDA:5,_ZN7testing8internal26ParameterizedTestSuiteInfoI7SumTestE14AddTestPatternEPKcS5_PNS0_19TestMetaFactoryBaseISt5tupleIJiiiEEEENS0_12CodeLocationE
FN:541,_ZN7testing8internal26ParameterizedTestSuiteInfoI7SumTestE25AddTestSuiteInstantiationENSt7__cxx1112basic_stringIcSt11char_traitsIcESaIcEEEPFNS0_14ParamGeneratorISt5tupleIJiiiEEEEvEPFS9_RKNS_13TestParamInfoISC_EEEPKci
FNDA:5,_ZN7testing8internal26ParameterizedTestSuiteInfoI7SumTestE25AddTestSuiteInstantiationENSt7__cxx1112basic_stringIcSt11char_traitsIcESaIcEEEPFNS0_14ParamGeneratorISt5tupleIJiiiEEEEvEPFS9_RKNS_13TestParamInfoISC_EEEPKci
FN:554,_ZN7testing8internal26ParameterizedTestSuiteInfoI7SumTestE13RegisterTestsEv
FNDA:5,_ZN7testing8internal26ParameterizedTestSuiteInfoI7SumTestE13RegisterTestsEv
FN:624,_ZN7testing8internal26ParameterizedTestSuiteInfoI7SumTestE8TestInfoC1EPKcPNS0_19TestMetaFactoryBaseISt5tupleIJiiiEEEENS0_12CodeLocationE
FNDA:5,_ZN7testing8internal26ParameterizedTestSuiteInfoI7SumTestE8TestInfoC1EPKcPNS0_19TestMetaFactoryBaseISt5tupleIJiiiEEEENS0_12CodeLocationE
FN:640,_ZN7testing8internal26ParameterizedTestSuiteInfoI7SumTestE17InstantiationInfoC1ENSt7__cxx1112basic_stringIcSt11char_traitsIcESaIcEEEPFNS0_14ParamGeneratorISt5tupleIJiiiEEEEvEPFSA_RKNS_13TestParamInfoISD_EEEPKci
FNDA:5,_ZN7testing8internal26ParameterizedTestSuiteInfoI7SumTestE17InstantiationInfoC1ENSt7__cxx1112basic_stringIcSt11char_traitsIcESaIcEEEPFNS0_14ParamGeneratorISt5tupleIJiiiEEEEvEPFSA_RKNS_13TestParamInfoISD_EEEPKci
FN:657,_ZN7testing8internal26ParameterizedTestSuiteInfoI7SumTestE16IsValidParamNameERKNSt7__cxx1112basic_stringIcSt11char_traitsIcESaIcEEE
FNDA:10,_ZN7testing8internal26ParameterizedTestSuiteInfoI7SumTestE16IsValidParamNameERKNSt7__cxx1112basic_stringIcSt11char_traitsIcESaIcEEE
FN:703,_ZN7testing8internal30ParameterizedTestSuiteRegistry25GetTestSuitePatternHolderI7SumTestEEPNS0_26ParameterizedTestSuiteInfoIT_EENSt7__cxx1112basic_stringIcSt11char_traitsIcESaIcEEENS0_12CodeLocationE
FNDA:10,_ZN7testing8internal30ParameterizedTestSuiteRegistry25GetTestSuitePatternHolderI7SumTestEEPNS0_26ParameterizedTestSuiteInfoIT_EENSt7__cxx1112basic_stringIcSt11char_traitsIcESaIcEEENS0_12CodeLocationE
FN:806,_ZN7testing8internal10ValueArrayIJSt5tupleIJiiiEES3_EEC1ES3_S3_
FNDA:5,_ZN7testing8internal10ValueArrayIJSt5tupleIJiiiEES3_EEC1ES3_S3_
FN:809,_ZNK7testing8internal10ValueArrayIJSt5tupleIJiiiEES3_EEcvNS0_14ParamGeneratorIT_EEIS3_EEv
FNDA:5,_ZNK7testing8internal10ValueArrayIJSt5tupleIJiiiEES3_EEcvNS0_14ParamGeneratorIT_EEIS3_EEv
FN:815,_ZNK7testing8internal10ValueArrayIJSt5tupleIJiiiEES3_EE10MakeVectorIS3_JLy0ELy1EEEESt6vectorIT_SaIS7_EESt16integer_sequenceIyJXspT0_EEE
FNDA:5,_ZNK7testing8internal10ValueArrayIJSt5tupleIJiiiEES3_EE10MakeVectorIS3_JLy0ELy1EEEESt6vectorIT_SaIS7_EESt16integer_sequenceIyJXspT0_EEE
DA:64,10
DA:65,10
DA:101,10
DA:142,10
DA:145,10
DA:146,10
DA:147,10
DA:155,15
DA:156,15
DA:158,15
DA:159,15
DA:164,10
DA:175,5
DA:192,5
DA:200,5
DA:201,5
DA:301,5
DA:302,15
DA:303,5
DA:303,5
DA:305,5
DA:306,5
DA:308,5
DA:309,5
DA:317,10
DA:319,10
DA:320,10
DA:320,10
DA:322,30
DA:323,30
DA:325,10
DA:326,10
DA:327,10
DA:328,10
DA:329,0
DA:330,0
DA:339,10
DA:340,20
DA:341,10
DA:343,15
DA:346,15
DA:348,0
DA:349,30
DA:350,30
DA:354,0
DA:358,0
DA:359,0
DA:382,10
DA:383,10
DA:391,0
DA:401,10
DA:402,10
DA:403,2
DA:404,2
DA:405,4
DA:422,0
DA:441,5
DA:443,10
DA:444,20
DA:464,0
DA:477,5
DA:515,5
DA:517,5
DA:518,15
DA:521,0
DA:522,0
DA:525,15
DA:532,5
DA:536,10
DA:537,10
DA:538,5
DA:541,5
DA:545,10
DA:547,5
DA:554,5
DA:555,5
DA:557,5
DA:558,5
DA:559,15
DA:560,20
DA:561,5
DA:562,5
DA:563,5
DA:564,5
DA:565,5
DA:567,5
DA:568,5
DA:570,0
DA:571,5
DA:573,5
DA:574,5
DA:575,20
DA:576,10
DA:578,10
DA:580,10
DA:581,10
DA:583,10
DA:587,0
DA:589,10
DA:591,0
DA:593,10
DA:594,10
DA:596,10
DA:598,10
DA:600,20
DA:603,20
DA:604,10
DA:607,10
DA:608,10
DA:613,5
DA:615,0
DA:616,0
DA:618,5
DA:624,5
DA:627,10
DA:628,5
DA:629,10
DA:640,5
DA:643,10
DA:644,5
DA:645,5
DA:646,5
DA:647,5
DA:657,10
DA:659,10
DA:662,20
DA:663,10
DA:666,10
DA:703,10
DA:705,10
DA:707,10
DA:708,10
DA:709,5
DA:710,5
DA:714,0
DA:715,0
DA:721,5
DA:725,10
DA:726,10
DA:727,5
DA:728,5
DA:729,5
DA:730,5
DA:732,10
DA:806,15
DA:809,5
DA:810,5
DA:815,5
DA:816,15
end_of_record
SF:D:\mingw64\include\c++\15.2.0\bits\vector.tcc
FN:111,_ZNSt6vectorIPN7testing8internal30ParameterizedTestSuiteInfoBaseESaIS3_EE12emplace_backIJS3_EEERS3_DpOT_
FNDA:5,_ZNSt6vectorIPN7testing8internal30ParameterizedTestSuiteInfoBaseESaIS3_EE12emplace_backIJS3_EEERS3_DpOT_
FN:111,_ZNSt6vectorIN7testing8internal26ParameterizedTestSuiteInfoI7SumTestE17InstantiationInfoESaIS5_EE12emplace_backIJNSt7__cxx1112basic_stringIcSt11char_traitsIcESaIcEEERPFNS1_14ParamGeneratorISt5tupleIJiiiEEEEvERPFSE_RKNS0_13TestParamInfoISH_EEERPKcRiEEERS5_DpOT_
FNDA:5,_ZNSt6vectorIN7testing8internal26ParameterizedTestSuiteInfoI7SumTestE17InstantiationInfoESaIS5_EE12emplace_backIJNSt7__cxx1112basic_stringIcSt11char_traitsIcESaIcEEERPFNS1_14ParamGeneratorISt5tupleIJiiiEEEEvERPFSE_RKNS0_13TestParamInfoISH_EEERPKcRiEEERS5_DpOT_
FN:111,_ZNSt6vectorISt10shared_ptrIN7testing8internal26ParameterizedTestSuiteInfoI7SumTestE8TestInfoEESaIS7_EE12emplace_backIJPS6_EEERS7_DpOT_
FNDA:5,_ZNSt6vectorISt10shared_ptrIN7testing8internal26ParameterizedTestSuiteInfoI7SumTestE8TestInfoEESaIS7_EE12emplace_backIJPS6_EEERS7_DpOT_
FN:557,_ZNSt6vectorIPN7testing8internal30ParameterizedTestSuiteInfoBaseESaIS3_EE17_M_realloc_appendIJS3_EEEvDpOT_
FNDA:5,_ZNSt6vectorIPN7testing8internal30ParameterizedTestSuiteInfoBaseESaIS3_EE17_M_realloc_appendIJS3_EEEvDpOT_
FN:557,_ZNSt6vectorIN7testing8internal26ParameterizedTestSuiteInfoI7SumTestE17InstantiationInfoESaIS5_EE17_M_realloc_appendIJNSt7__cxx1112basic_stringIcSt11char_traitsIcESaIcEEERPFNS1_14ParamGeneratorISt5tupleIJiiiEEEEvERPFSE_RKNS0_13TestParamInfoISH_EEERPKcRiEEEvDpOT_
FNDA:5,_ZNSt6vectorIN7testing8internal26ParameterizedTestSuiteInfoI7SumTestE17InstantiationInfoESaIS5_EE17_M_realloc_appendIJNSt7__cxx1112basic_stringIcSt11char_traitsIcESaIcEEERPFNS1_14ParamGeneratorISt5tupleIJiiiEEEEvERPFSE_RKNS0_13TestParamInfoISH_EEERPKcRiEEEvDpOT_
FN:557,_ZNSt6vectorISt10shared_ptrIN7testing8internal26ParameterizedTestSuiteInfoI7SumTestE8TestInfoEESaIS7_EE17_M_realloc_appendIJPS6_EEEvDpOT_
FNDA:5,_ZNSt6vectorISt10shared_ptrIN7testing8internal26ParameterizedTestSuiteInfoI7SumTestE8TestInfoEESaIS7_EE17_M_realloc_appendIJPS6_EEEvDpOT_
DA:111,5
DA:114,5
DA:117,0
DA:119,0
DA:123,5
DA:125,5
DA:111,5
DA:114,5
DA:117,0
DA:119,0
DA:123,25
DA:125,5
DA:111,5
DA:114,5
DA:117,0
DA:119,0
DA:123,5
DA:125,5
DA:557,5
DA:566,5
DA:567,5
DA:568,0
DA:569,5
DA:570,5
DA:571,5
DA:572,5
DA:573,5
DA:576,5
DA:586,5
DA:587,5
DA:599,5
DA:600,5
DA:601,5
DA:638,5
DA:639,5
DA:640,5
DA:644,5
DA:645,5
DA:646,5
DA:647,5
DA:557,5
DA:566,5
DA:567,5
DA:568,0
DA:569,5
DA:570,5
DA:571,5
DA:572,5
DA:573,5
DA:576,5
DA:586,25
DA:587,5
DA:599,5
DA:600,5
DA:601,5
DA:638,5
DA:639,5
DA:640,5
DA:644,5
DA:645,5
DA:646,5
DA:647,5
DA:557,5
DA:566,5
DA:567,5
DA:568,0
DA:569,5
DA:570,5
DA:571,5
DA:572,5
DA:573,5
DA:576,5
DA:586,5
DA:587,5
DA:599,5
DA:600,5
DA:601,5
DA:638,5
DA:639,5
DA:640,5
DA:644,5
DA:645,5
DA:646,5
DA:647,5
end_of_record
SF:D:\mingw64\include\c++\15.2.0\bits\stl_algobase.h
FN:234,_ZSt3minIyERKT_S2_S2_
FNDA:24011,_ZSt3minIyERKT_S2_S2_
FN:258,_ZSt3maxIyERKT_S2_S2_
FNDA:127,_ZSt3maxIyERKT_S2_S2_
DA:234,24011
DA:239,24011
DA:240,0
DA:241,24011
DA:258,127
DA:263,127
DA:264,80
DA:265,47
end_of_record
SF:D:\DEV\CalcSampleTDD_09\external\googletest\googletest\include\gtest\gtest-printers.h
FN:248,_ZN7testing8internal52internal_stream_operator_without_lexical_name_lookup13StreamPrinter10PrintValueIivEEDTcvvlsdefp0_fp_ERKT_PSo
FNDA:30,_ZN7testing8internal52internal_stream_operator_without_lexical_name_lookup13StreamPrinter10PrintValueIivEEDTcvvlsdefp0_fp_ERKT_PSo
FN:352,_ZN7testing8internal17PrintWithFallbackIiEEvRKT_PSo
FNDA:30,_ZN7testing8internal17PrintWithFallbackIiEEvRKT_PSo
FN:383,_ZN7testing8internal19FormatForComparisonIiiE6FormatB5cxx11ERKi
FNDA:0,_ZN7testing8internal19FormatForComparisonIiiE6FormatB5cxx11ERKi
FN:463,_ZN7testing8internal33FormatForComparisonFailureMessageIiiEENSt7__cxx1112basic_stringIcSt11char_traitsIcESaIcEEERKT_RKT0_
FNDA:0,_ZN7testing8internal33FormatForComparisonFailureMessageIiiEENSt7__cxx1112basic_stringIcSt11char_traitsIcESaIcEEERKT_RKT0_
FN:490,_ZN7testing8internal7PrintToIiEEvRKT_PSo
FNDA:30,_ZN7testing8internal7PrintToIiEEvRKT_PSo
FN:827,_ZN7testing8internal12PrintTupleToISt5tupleIJiiiEEEEvRKT_St17integral_constantIyLy0EEPSo
FNDA:10,_ZN7testing8internal12PrintTupleToISt5tupleIJiiiEEEEvRKT_St17integral_constantIyLy0EEPSo
FN:831,_ZN7testing8internal12PrintTupleToISt5tupleIJiiiEELy3EEEvRKT_St17integral_constantIyXT0_EEPSo
FNDA:10,_ZN7testing8internal12PrintTupleToISt5tupleIJiiiEELy3EEEvRKT_St17integral_constantIyXT0_EEPSo
FN:831,_ZN7testing8internal12PrintTupleToISt5tupleIJiiiEELy2EEEvRKT_St17integral_constantIyXT0_EEPSo
FNDA:10,_ZN7testing8internal12PrintTupleToISt5tupleIJiiiEELy2EEEvRKT_St17integral_constantIyXT0_EEPSo
FN:831,_ZN7testing8internal12PrintTupleToISt5tupleIJiiiEELy1EEEvRKT_St17integral_constantIyXT0_EEPSo
FNDA:10,_ZN7testing8internal12PrintTupleToISt5tupleIJiiiEELy1EEEvRKT_St17integral_constantIyXT0_EEPSo
FN:844,_ZN7testing8internal7PrintToIJiiiEEEvRKSt5tupleIJDpT_EEPSo
FNDA:10,_ZN7testing8internal7PrintToIJiiiEEEvRKSt5tupleIJDpT_EEPSo
FN:874,_ZN7testing8internal16UniversalPrinterISt5tupleIJiiiEEE5PrintERKS3_PSo
FNDA:10,_ZN7testing8internal16UniversalPrinterISt5tupleIJiiiEEE5PrintERKS3_PSo
FN:874,_ZN7testing8internal16UniversalPrinterIiE5PrintERKiPSo
FNDA:30,_ZN7testing8internal16UniversalPrinterIiE5PrintERKiPSo
FN:1064,_ZN7testing8internal21UniversalTersePrinterISt5tupleIJiiiEEE5PrintERKS3_PSo
FNDA:10,_ZN7testing8internal21UniversalTersePrinterISt5tupleIJiiiEEE5PrintERKS3_PSo
FN:1064,_ZN7testing8internal21UniversalTersePrinterIiE5PrintERKiPSo
FNDA:0,_ZN7testing8internal21UniversalTersePrinterIiE5PrintERKiPSo
FN:1183,_ZN7testing8internal14UniversalPrintISt5tupleIJiiiEEEEvRKT_PSo
FNDA:10,_ZN7testing8internal14UniversalPrintISt5tupleIJiiiEEEEvRKT_PSo
FN:1183,_ZN7testing8internal14UniversalPrintIiEEvRKT_PSo
FNDA:0,_ZN7testing8internal14UniversalPrintIiEEvRKT_PSo
FN:1223,_ZN7testing13PrintToStringISt5tupleIJiiiEEEENSt7__cxx1112basic_stringIcSt11char_traitsIcESaIcEEERKT_
FNDA:10,_ZN7testing13PrintToStringISt5tupleIJiiiEEEENSt7__cxx1112basic_stringIcSt11char_traitsIcESaIcEEERKT_
FN:1223,_ZN7testing13PrintToStringIiEENSt7__cxx1112basic_stringIcSt11char_traitsIcESaIcEEERKT_
FNDA:0,_ZN7testing13PrintToStringIiEENSt7__cxx1112basic_stringIcSt11char_traitsIcESaIcEEERKT_
DA:248,30
DA:252,30
DA:253,30
DA:352,30
DA:362,30
DA:363,30
DA:383,0
DA:384,0
DA:463,0
DA:465,0
DA:490,30
DA:491,30
DA:492,30
DA:827,10
DA:828,10
DA:831,10
DA:833,10
DA:839,10
DA:840,10
DA:841,10
DA:831,10
DA:833,10
DA:837,10
DA:839,10
DA:840,10
DA:841,10
DA:831,10
DA:833,10
DA:837,10
DA:839,10
DA:840,10
DA:841,10
DA:844,10
DA:845,10
DA:846,10
DA:847,10
DA:848,10
DA:874,10
DA:883,10
DA:884,10
DA:874,30
DA:883,30
DA:884,30
DA:1064,10
DA:1065,10
DA:1066,10
DA:1064,0
DA:1065,0
DA:1066,0
DA:1183,10
DA:1187,10
DA:1188,10
DA:1183,0
DA:1187,0
DA:1188,0
DA:1223,10
DA:1224,10
DA:1225,10
DA:1226,20
DA:1227,10
DA:1223,0
DA:1224,0
DA:1225,0
DA:1226,0
DA:1227,0
end_of_record
SF:D:\mingw64\include\c++\15.2.0\bits\basic_string.tcc
FN:143,_ZNSt7__cxx1112basic_stringIcSt11char_traitsIcESaIcEE9_M_createERyy
FNDA:458,_ZNSt7__cxx1112basic_stringIcSt11char_traitsIcESaIcEE9_M_createERyy
FN:227,_ZNSt7__cxx1112basic_stringIcSt11char_traitsIcESaIcEE12_M_constructIPKcEEvT_S8_St20forward_iterator_tag
FNDA:666,_ZNSt7__cxx1112basic_stringIcSt11char_traitsIcESaIcEE12_M_constructIPKcEEvT_S8_St20forward_iterator_tag
FN:245,_ZZNSt7__cxx1112basic_stringIcSt11char_traitsIcESaIcEE12_M_constructIPKcEEvT_S8_St20forward_iterator_tagEN6_GuardC1EPS4_
FNDA:666,_ZZNSt7__cxx1112basic_stringIcSt11char_traitsIcESaIcEE12_M_constructIPKcEEvT_S8_St20forward_iterator_tagEN6_GuardC1EPS4_
FN:248,_ZZNSt7__cxx1112basic_stringIcSt11char_traitsIcESaIcEE12_M_constructIPKcEEvT_S8_St20forward_iterator_tagEN6_GuardD1Ev
FNDA:666,_ZZNSt7__cxx1112basic_stringIcSt11char_traitsIcESaIcEE12_M_constructIPKcEEvT_S8_St20forward_iterator_tagEN6_GuardD1Ev
FN:286,_ZNSt7__cxx1112basic_stringIcSt11char_traitsIcESaIcEE12_M_constructILb1EEEvPKcy
FNDA:122,_ZNSt7__cxx1112basic_stringIcSt11char_traitsIcESaIcEE12_M_constructILb1EEEvPKcy
FN:308,_ZNSt7__cxx1112basic_stringIcSt11char_traitsIcESaIcEE9_M_assignERKS4_
FNDA:41,_ZNSt7__cxx1112basic_stringIcSt11char_traitsIcESaIcEE9_M_assignERKS4_
FN:335,_ZNSt7__cxx1112basic_stringIcSt11char_traitsIcESaIcEE7reserveEy
FNDA:337,_ZNSt7__cxx1112basic_stringIcSt11char_traitsIcESaIcEE7reserveEy
FN:356,_ZNSt7__cxx1112basic_stringIcSt11char_traitsIcESaIcEE9_M_mutateEyyPKcy
FNDA:73,_ZNSt7__cxx1112basic_stringIcSt11char_traitsIcESaIcEE9_M_mutateEyyPKcy
FN:444,_ZNSt7__cxx1112basic_stringIcSt11char_traitsIcESaIcEE9_M_appendEPKcy
FNDA:270,_ZNSt7__cxx1112basic_stringIcSt11char_traitsIcESaIcEE9_M_appendEPKcy
FN:614,_ZNSt7__cxx1112basic_stringIcSt11char_traitsIcESaIcEE22__resize_and_overwriteIZNS_9to_stringEyEUlPcyE_EEvyT_
FNDA:10,_ZNSt7__cxx1112basic_stringIcSt11char_traitsIcESaIcEE22__resize_and_overwriteIZNS_9to_stringEyEUlPcyE_EEvyT_
FN:628,_ZZNSt7__cxx1112basic_stringIcSt11char_traitsIcESaIcEE22__resize_and_overwriteIZNS_9to_stringEyEUlPcyE_EEvyT_EN11_TerminatorD1Ev
FNDA:10,_ZZNSt7__cxx1112basic_stringIcSt11char_traitsIcESaIcEE22__resize_and_overwriteIZNS_9to_stringEyEUlPcyE_EEvyT_EN11_TerminatorD1Ev
DA:143,458
DA:148,458
DA:149,0
DA:154,458
DA:156,147
DA:158,147
DA:159,0
DA:164,458
DA:227,666
DA:231,666
DA:233,666
DA:235,66
DA:236,66
DA:245,666
DA:248,666
DA:251,666
DA:253,666
DA:255,666
DA:257,666
DA:258,666
DA:286,122
DA:289,122
DA:291,54
DA:292,54
DA:298,122
DA:300,122
DA:303,122
DA:308,41
DA:311,41
DA:313,41
DA:314,41
DA:316,41
DA:318,8
DA:319,8
DA:320,8
DA:321,8
DA:322,8
DA:325,41
DA:326,23
DA:328,41
DA:330,41
DA:335,337
DA:338,337
DA:343,337
DA:344,80
DA:346,257
DA:347,257
DA:348,257
DA:349,257
DA:350,257
DA:356,73
DA:360,73
DA:362,73
DA:363,73
DA:365,73
DA:366,68
DA:367,73
DA:368,73
DA:369,73
DA:370,0
DA:371,0
DA:373,73
DA:374,73
DA:375,73
DA:376,73
DA:444,270
DA:447,270
DA:449,270
DA:451,202
DA:452,202
DA:455,68
DA:457,270
DA:458,270
DA:614,10
DA:621,10
DA:622,10
DA:628,10
DA:632,10
DA:633,10
DA:641,10
DA:642,10
DA:643,0
DA:644,10
end_of_record
SF:D:\mingw64\include\c++\15.2.0\bits\stl_uninitialized.h
FN:113,_ZNSt19_UninitDestroyGuardIPSt5tupleIJiiiEEvEC1ERS2_
FNDA:10,_ZNSt19_UninitDestroyGuardIPSt5tupleIJiiiEEvEC1ERS2_
FN:118,_ZNSt19_UninitDestroyGuardIPSt5tupleIJiiiEEvED1Ev
FNDA:10,_ZNSt19_UninitDestroyGuardIPSt5tupleIJiiiEEvED1Ev
FN:125,_ZNSt19_UninitDestroyGuardIPSt5tupleIJiiiEEvE7releaseEv
FNDA:10,_ZNSt19_UninitDestroyGuardIPSt5tupleIJiiiEEvE7releaseEv
FN:140,_ZSt16__do_uninit_copyIPKSt5tupleIJiiiEES3_PS1_ET1_T_T0_S5_
FNDA:5,_ZSt16__do_uninit_copyIPKSt5tupleIJiiiEES3_PS1_ET1_T_T0_S5_
FN:140,_ZSt16__do_uninit_copyIN9__gnu_cxx17__normal_iteratorIPKSt5tupleIJiiiEESt6vectorIS3_SaIS3_EEEES9_PS3_ET1_T_T0_SB_
FNDA:5,_ZSt16__do_uninit_copyIN9__gnu_cxx17__normal_iteratorIPKSt5tupleIJiiiEESt6vectorIS3_SaIS3_EEEES9_PS3_ET1_T_T0_SB_
FN:231,_ZSt18uninitialized_copyIN9__gnu_cxx17__normal_iteratorIPKSt5tupleIJiiiEESt6vectorIS3_SaIS3_EEEEPS3_ET0_T_SC_SB_
FNDA:5,_ZSt18uninitialized_copyIN9__gnu_cxx17__normal_iteratorIPKSt5tupleIJiiiEESt6vectorIS3_SaIS3_EEEEPS3_ET0_T_SC_SB_
FN:231,_ZSt18uninitialized_copyIPKSt5tupleIJiiiEEPS1_ET0_T_S6_S5_
FNDA:5,_ZSt18uninitialized_copyIPKSt5tupleIJiiiEEPS1_ET0_T_S6_S5_
FN:613,_ZSt22__uninitialized_copy_aIN9__gnu_cxx17__normal_iteratorIPKSt5tupleIJiiiEESt6vectorIS3_SaIS3_EEEES9_PS3_S3_ET1_T_T0_SB_RSaIT2_E
FNDA:5,_ZSt22__uninitialized_copy_aIN9__gnu_cxx17__normal_iteratorIPKSt5tupleIJiiiEESt6vectorIS3_SaIS3_EEEES9_PS3_S3_ET1_T_T0_SB_RSaIT2_E
FN:613,_ZSt22__uninitialized_copy_aIPKSt5tupleIJiiiEES3_PS1_S1_ET1_T_T0_S5_RSaIT2_E
FNDA:5,_ZSt22__uninitialized_copy_aIPKSt5tupleIJiiiEES3_PS1_S1_ET1_T_T0_S5_RSaIT2_E
FN:1280,_ZSt19__relocate_object_aISt10shared_ptrIN7testing8internal26ParameterizedTestSuiteInfoI7SumTestE8TestInfoEES7_SaIS7_EEvPT_PT0_RT1_
FNDA:0,_ZSt19__relocate_object_aISt10shared_ptrIN7testing8internal26ParameterizedTestSuiteInfoI7SumTestE8TestInfoEES7_SaIS7_EEvPT_PT0_RT1_
FN:1280,_ZSt19__relocate_object_aIN7testing8internal26ParameterizedTestSuiteInfoI7SumTestE17InstantiationInfoES5_SaIS5_EEvPT_PT0_RT1_
FNDA:0,_ZSt19__relocate_object_aIN7testing8internal26ParameterizedTestSuiteInfoI7SumTestE17InstantiationInfoES5_SaIS5_EEvPT_PT0_RT1_
FN:1303,_ZSt14__relocate_a_1IPN7testing8internal26ParameterizedTestSuiteInfoI7SumTestE17InstantiationInfoES6_SaIS5_EET0_T_S9_S8_RT1_
FNDA:5,_ZSt14__relocate_a_1IPN7testing8internal26ParameterizedTestSuiteInfoI7SumTestE17InstantiationInfoES6_SaIS5_EET0_T_S9_S8_RT1_
FN:1303,_ZSt14__relocate_a_1IPSt10shared_ptrIN7testing8internal26ParameterizedTestSuiteInfoI7SumTestE8TestInfoEES8_SaIS7_EET0_T_SB_SA_RT1_
FNDA:5,_ZSt14__relocate_a_1IPSt10shared_ptrIN7testing8internal26ParameterizedTestSuiteInfoI7SumTestE8TestInfoEES8_SaIS7_EET0_T_SB_SA_RT1_
FN:1326,_ZSt14__relocate_a_1IPN7testing8internal30ParameterizedTestSuiteInfoBaseES3_ENSt9enable_ifIXsrSt24__is_bitwise_relocatableIT_vE5valueEPS6_E4typeES8_S8_S8_RSaIT0_E
FNDA:5,_ZSt14__relocate_a_1IPN7testing8internal30ParameterizedTestSuiteInfoBaseES3_ENSt9enable_ifIXsrSt24__is_bitwise_relocatableIT_vE5valueEPS6_E4typeES8_S8_S8_RSaIT0_E
FN:1353,_ZSt12__relocate_aIPPN7testing8internal30ParameterizedTestSuiteInfoBaseES4_SaIS3_EET0_T_S7_S6_RT1_
FNDA:5,_ZSt12__relocate_aIPPN7testing8internal30ParameterizedTestSuiteInfoBaseES4_SaIS3_EET0_T_S7_S6_RT1_
FN:1353,_ZSt12__relocate_aIPN7testing8internal26ParameterizedTestSuiteInfoI7SumTestE17InstantiationInfoES6_SaIS5_EET0_T_S9_S8_RT1_
FNDA:5,_ZSt12__relocate_aIPN7testing8internal26ParameterizedTestSuiteInfoI7SumTestE17InstantiationInfoES6_SaIS5_EET0_T_S9_S8_RT1_
FN:1353,_ZSt12__relocate_aIPSt10shared_ptrIN7testing8internal26ParameterizedTestSuiteInfoI7SumTestE8TestInfoEES8_SaIS7_EET0_T_SB_SA_RT1_
FNDA:5,_ZSt12__relocate_aIPSt10shared_ptrIN7testing8internal26ParameterizedTestSuiteInfoI7SumTestE8TestInfoEES8_SaIS7_EET0_T_SB_SA_RT1_
DA:113,10
DA:114,10
DA:115,10
DA:118,10
DA:120,10
DA:121,0
DA:122,10
DA:125,10
DA:140,5
DA:143,5
DA:144,30
DA:145,20
DA:146,5
DA:147,10
DA:148,5
DA:140,5
DA:143,5
DA:144,15
DA:145,20
DA:146,5
DA:147,10
DA:148,5
DA:231,5
DA:303,5
DA:231,5
DA:303,5
DA:613,5
DA:637,5
DA:613,5
DA:637,5
DA:1280,0
DA:1288,0
DA:1289,0
DA:1290,0
DA:1280,0
DA:1288,0
DA:1289,0
DA:1290,0
DA:1303,5
DA:1315,5
DA:1316,5
DA:1317,0
DA:1319,5
DA:1303,5
DA:1315,5
DA:1316,5
DA:1317,0
DA:1319,5
DA:1326,5
DA:1330,5
DA:1331,5
DA:1343,0
DA:1345,5
DA:1353,5
DA:1359,15
DA:1361,5
DA:1353,5
DA:1359,15
DA:1361,5
DA:1353,5
DA:1359,15
DA:1361,5
end_of_record
SF:D:\mingw64\include\c++\15.2.0\bits\basic_string.h
FN:140,_ZNSt7__cxx1112basic_stringIcSt11char_traitsIcESaIcEE11_S_allocateERS3_y
FNDA:458,_ZNSt7__cxx1112basic_stringIcSt11char_traitsIcESaIcEE11_S_allocateERS3_y
FN:204,_ZNSt7__cxx1112basic_stringIcSt11char_traitsIcESaIcEE12_Alloc_hiderC1EPcRKS3_
FNDA:660,_ZNSt7__cxx1112basic_stringIcSt11char_traitsIcESaIcEE12_Alloc_hiderC1EPcRKS3_
[...]
FN:393,_ZNSt10unique_ptrINSt7__cxx1118basic_stringstreamIcSt11char_traitsIcESaIcEEESt14default_deleteIS5_EED1Ev
FNDA:305,_ZNSt10unique_ptrINSt7__cxx1118basic_stringstreamIcSt11char_traitsIcESaIcEEESt14default_deleteIS5_EED1Ev
FN:393,_ZNSt10unique_ptrINSt7__cxx1112basic_stringIcSt11char_traitsIcESaIcEEESt14default_deleteIS5_EED1Ev
FNDA:4,_ZNSt10unique_ptrINSt7__cxx1112basic_stringIcSt11char_traitsIcESaIcEEESt14default_deleteIS5_EED1Ev
FN:393,_ZNSt10unique_ptrIN7testing8internal22ParamIteratorInterfaceISt5tupleIJiiiEEEESt14default_deleteIS5_EED1Ev
FNDA:10,_ZNSt10unique_ptrIN7testing8internal22ParamIteratorInterfaceISt5tupleIJiiiEEEESt14default_deleteIS5_EED1Ev
FN:393,_ZNSt10unique_ptrIKSt5tupleIJiiiEESt14default_deleteIS2_EED1Ev
FNDA:10,_ZNSt10unique_ptrIKSt5tupleIJiiiEESt14default_deleteIS2_EED1Ev
FN:446,_ZNKSt10unique_ptrIN7testing8internal22ParamIteratorInterfaceISt5tupleIJiiiEEEESt14default_deleteIS5_EEdeEv
FNDA:15,_ZNKSt10unique_ptrIN7testing8internal22ParamIteratorInterfaceISt5tupleIJiiiEEEESt14default_deleteIS5_EEdeEv
FN:463,_ZNKSt10unique_ptrIN7testing8internal19TestMetaFactoryBaseISt5tupleIJiiiEEEESt14default_deleteIS5_EEptEv
FNDA:10,_ZNKSt10unique_ptrIN7testing8internal19TestMetaFactoryBaseISt5tupleIJiiiEEEESt14default_deleteIS5_EEptEv
FN:463,_ZNKSt10unique_ptrINSt7__cxx1112basic_stringIcSt11char_traitsIcESaIcEEESt14default_deleteIS5_EEptEv
FNDA:0,_ZNKSt10unique_ptrINSt7__cxx1112basic_stringIcSt11char_traitsIcESaIcEEESt14default_deleteIS5_EEptEv
FN:463,_ZNKSt10unique_ptrIN7testing8internal22ParamIteratorInterfaceISt5tupleIJiiiEEEESt14default_deleteIS5_EEptEv
FNDA:35,_ZNKSt10unique_ptrIN7testing8internal22ParamIteratorInterfaceISt5tupleIJiiiEEEESt14default_deleteIS5_EEptEv
FN:472,_ZNKSt10unique_ptrIKSt5tupleIJiiiEESt14default_deleteIS2_EE3getEv
FNDA:20,_ZNKSt10unique_ptrIKSt5tupleIJiiiEESt14default_deleteIS2_EE3getEv
FN:472,_ZNKSt10unique_ptrIN7testing8internal22ParamIteratorInterfaceISt5tupleIJiiiEEEESt14default_deleteIS5_EE3getEv
FNDA:95,_ZNKSt10unique_ptrIN7testing8internal22ParamIteratorInterfaceISt5tupleIJiiiEEEESt14default_deleteIS5_EE3getEv
FN:472,_ZNKSt10unique_ptrINSt7__cxx1112basic_stringIcSt11char_traitsIcESaIcEEESt14default_deleteIS5_EE3getEv
FNDA:0,_ZNKSt10unique_ptrINSt7__cxx1112basic_stringIcSt11char_traitsIcESaIcEEESt14default_deleteIS5_EE3getEv
FN:472,_ZNKSt10unique_ptrIN7testing8internal19TestMetaFactoryBaseISt5tupleIJiiiEEEESt14default_deleteIS5_EE3getEv
FNDA:10,_ZNKSt10unique_ptrIN7testing8internal19TestMetaFactoryBaseISt5tupleIJiiiEEEESt14default_deleteIS5_EE3getEv
FN:478,_ZNSt10unique_ptrIKSt5tupleIJiiiEESt14default_deleteIS2_EE11get_deleterEv
FNDA:0,_ZNSt10unique_ptrIKSt5tupleIJiiiEESt14default_deleteIS2_EE11get_deleterEv
FN:478,_ZNSt10unique_ptrINSt7__cxx1112basic_stringIcSt11char_traitsIcESaIcEEESt14default_deleteIS5_EE11get_deleterEv
FNDA:0,_ZNSt10unique_ptrINSt7__cxx1112basic_stringIcSt11char_traitsIcESaIcEEESt14default_deleteIS5_EE11get_deleterEv
FN:478,_ZNSt10unique_ptrINSt7__cxx1118basic_stringstreamIcSt11char_traitsIcESaIcEEESt14default_deleteIS5_EE11get_deleterEv
FNDA:305,_ZNSt10unique_ptrINSt7__cxx1118basic_stringstreamIcSt11char_traitsIcESaIcEEESt14default_deleteIS5_EE11get_deleterEv
FN:478,_ZNSt10unique_ptrIN7testing8internal22ParamIteratorInterfaceISt5tupleIJiiiEEEESt14default_deleteIS5_EE11get_deleterEv
FNDA:10,_ZNSt10unique_ptrIN7testing8internal22ParamIteratorInterfaceISt5tupleIJiiiEEEESt14default_deleteIS5_EE11get_deleterEv
FN:478,_ZNSt10unique_ptrIN7testing8internal19TestMetaFactoryBaseISt5tupleIJiiiEEEESt14default_deleteIS5_EE11get_deleterEv
FNDA:0,_ZNSt10unique_ptrIN7testing8internal19TestMetaFactoryBaseISt5tupleIJiiiEEEESt14default_deleteIS5_EE11get_deleterEv
FN:489,_ZNKSt10unique_ptrINSt7__cxx1112basic_stringIcSt11char_traitsIcESaIcEEESt14default_deleteIS5_EEcvbEv
FNDA:0,_ZNKSt10unique_ptrINSt7__cxx1112basic_stringIcSt11char_traitsIcESaIcEEESt14default_deleteIS5_EEcvbEv
FN:508,_ZNSt10unique_ptrIKSt5tupleIJiiiEESt14default_deleteIS2_EE5resetEPS2_
FNDA:20,_ZNSt10unique_ptrIKSt5tupleIJiiiEESt14default_deleteIS2_EE5resetEPS2_
FN:878,_ZStneINSt7__cxx1112basic_stringIcSt11char_traitsIcESaIcEEESt14default_deleteIS5_EEbRKSt10unique_ptrIT_T0_EDn
FNDA:0,_ZStneINSt7__cxx1112basic_stringIcSt11char_traitsIcESaIcEEESt14default_deleteIS5_EEbRKSt10unique_ptrIT_T0_EDn
DA:87,10
DA:93,10
DA:94,10
DA:87,10
DA:93,10
DA:94,10
DA:87,0
DA:93,0
DA:94,0
DA:87,0
DA:93,0
DA:94,0
DA:87,305
DA:93,305
DA:94,305
DA:168,10
DA:170,10
DA:170,5
DA:191,50
DA:191,20
DA:191,5
DA:191,4
DA:191,610
DA:193,20
DA:193,95
DA:193,10
DA:193,0
DA:195,10
DA:195,10
DA:195,0
DA:195,305
DA:195,0
DA:200,20
DA:202,20
DA:203,20
DA:204,20
DA:205,10
DA:206,20
DA:298,10
DA:299,10
DA:300,10
DA:311,10
DA:312,10
DA:313,10
DA:311,5
DA:312,5
DA:313,5
DA:393,10
DA:397,10
DA:398,10
DA:399,0
DA:400,10
DA:401,10
DA:393,10
DA:397,10
DA:398,10
DA:399,20
DA:400,10
DA:401,10
DA:393,0
DA:397,0
DA:398,0
DA:399,0
DA:400,0
DA:401,0
DA:393,4
DA:397,4
DA:398,4
DA:399,0
DA:400,4
DA:401,4
DA:393,305
DA:397,305
DA:398,305
DA:399,610
DA:400,305
DA:401,305
DA:446,15
DA:456,15
DA:457,15
DA:463,35
DA:466,35
DA:463,10
DA:466,10
DA:463,0
DA:466,0
DA:472,20
DA:473,20
DA:472,95
DA:473,95
DA:472,10
DA:473,10
DA:472,0
DA:473,0
DA:478,0
DA:479,0
DA:478,10
DA:479,10
DA:478,0
DA:479,0
DA:478,0
DA:479,0
DA:478,305
DA:479,305
DA:489,0
DA:490,0
DA:508,20
DA:512,40
DA:513,20
DA:878,0
DA:879,0
end_of_record
SF:D:\mingw64\include\c++\15.2.0\bits\stl_pair.h
FN:901,_ZNSt4pairISt17_Rb_tree_iteratorINSt7__cxx1112basic_stringIcSt11char_traitsIcESaIcEEEEbEC1IS7_bLb1EEEOT_OT0_
FNDA:10,_ZNSt4pairISt17_Rb_tree_iteratorINSt7__cxx1112basic_stringIcSt11char_traitsIcESaIcEEEEbEC1IS7_bLb1EEEOT_OT0_
FN:901,_ZNSt4pairISt23_Rb_tree_const_iteratorINSt7__cxx1112basic_stringIcSt11char_traitsIcESaIcEEEEbEC1IRSt17_Rb_tree_iteratorIS6_ERbLb1EEEOT_OT0_
FNDA:10,_ZNSt4pairISt23_Rb_tree_const_iteratorINSt7__cxx1112basic_stringIcSt11char_traitsIcESaIcEEEEbEC1IRSt17_Rb_tree_iteratorIS6_ERbLb1EEEOT_OT0_
FN:901,_ZNSt4pairIKNSt7__cxx1112basic_stringIcSt11char_traitsIcESaIcEEEyEC1IS5_yLb1EEEOT_OT0_
FNDA:5,_ZNSt4pairIKNSt7__cxx1112basic_stringIcSt11char_traitsIcESaIcEEEyEC1IS5_yLb1EEEOT_OT0_
FN:901,_ZNSt4pairINSt8__detail14_Node_iteratorIS_IKNSt7__cxx1112basic_stringIcSt11char_traitsIcESaIcEEEyELb0ELb1EEEbEC1IRSA_bLb1EEEOT_OT0_
FNDA:5,_ZNSt4pairINSt8__detail14_Node_iteratorIS_IKNSt7__cxx1112basic_stringIcSt11char_traitsIcESaIcEEEyELb0ELb1EEEbEC1IRSA_bLb1EEEOT_OT0_
FN:901,_ZNSt4pairINSt8__detail14_Node_iteratorIS_IKNSt7__cxx1112basic_stringIcSt11char_traitsIcESaIcEEEyELb0ELb1EEEbEC1ISA_bLb1EEEOT_OT0_
FNDA:0,_ZNSt4pairINSt8__detail14_Node_iteratorIS_IKNSt7__cxx1112basic_stringIcSt11char_traitsIcESaIcEEEyELb0ELb1EEEbEC1ISA_bLb1EEEOT_OT0_
FN:901,_ZNSt4pairIRKNSt7__cxx1112basic_stringIcSt11char_traitsIcESaIcEEERKyEC1IRS5_RyLb1EEEOT_OT0_
FNDA:5,_ZNSt4pairIRKNSt7__cxx1112basic_stringIcSt11char_traitsIcESaIcEEERKyEC1IRS5_RyLb1EEEOT_OT0_
FN:901,_ZNSt4pairIPSt18_Rb_tree_node_baseS1_EC1IRS1_S1_Lb1EEEOT_OT0_
FNDA:0,_ZNSt4pairIPSt18_Rb_tree_node_baseS1_EC1IRS1_S1_Lb1EEEOT_OT0_
FN:901,_ZNSt4pairIPSt18_Rb_tree_node_baseS1_EC1IRS1_S4_Lb1EEEOT_OT0_
FNDA:10,_ZNSt4pairIPSt18_Rb_tree_node_baseS1_EC1IRS1_S4_Lb1EEEOT_OT0_
DA:901,10
DA:902,10
DA:903,10
DA:901,10
DA:902,20
DA:903,10
DA:901,5
DA:902,10
DA:903,5
DA:901,5
DA:902,5
DA:903,5
DA:901,0
DA:902,0
DA:903,0
DA:901,5
DA:902,5
DA:903,5
DA:901,0
DA:902,0
DA:903,0
DA:901,10
DA:902,10
DA:903,10
end_of_record
SF:D:\DEV\CalcSampleTDD_09\external\googletest\googletest\include\gtest\gtest.h
FN:255,_ZN7testing4Test14SetUpTestSuiteEv
FNDA:0,_ZN7testing4Test14SetUpTestSuiteEv
FN:263,_ZN7testing4Test17TearDownTestSuiteEv
FNDA:0,_ZN7testing4Test17TearDownTestSuiteEv
FN:268,_ZN7testing4Test16TearDownTestCaseEv
FNDA:0,_ZN7testing4Test16TearDownTestCaseEv
FN:269,_ZN7testing4Test13SetUpTestCaseEv
FNDA:0,_ZN7testing4Test13SetUpTestCaseEv
FN:356,_ZN7testing4Test5SetupEv
FNDA:0,_ZN7testing4Test5SetupEv
FN:1374,_ZN7testing8internal18CmpHelperEQFailureIiiEENS_15AssertionResultEPKcS4_RKT_RKT0_
FNDA:0,_ZN7testing8internal18CmpHelperEQFailureIiiEENS_15AssertionResultEPKcS4_RKT_RKT0_
FN:1391,_ZN7testing8internal11CmpHelperEQIiiEENS_15AssertionResultEPKcS4_RKT_RKT0_
FNDA:4,_ZN7testing8internal11CmpHelperEQIiiEENS_15AssertionResultEPKcS4_RKT_RKT0_
FN:1410,_ZN7testing8internal8EqHelper7CompareIiiLPv0EEENS_15AssertionResultEPKcS6_RKT_RKT0_
FNDA:4,_ZN7testing8internal8EqHelper7CompareIiiLPv0EEENS_15AssertionResultEPKcS6_RKT_RKT0_
FN:1692,_ZN7testing18WithParamInterfaceISt5tupleIJiiiEEED0Ev
FNDA:0,_ZN7testing18WithParamInterfaceISt5tupleIJiiiEEED0Ev
FN:1692,_ZN7testing18WithParamInterfaceISt5tupleIJiiiEEED1Ev
FNDA:0,_ZN7testing18WithParamInterfaceISt5tupleIJiiiEEED1Ev
FN:1692,_ZN7testing18WithParamInterfaceISt5tupleIJiiiEEED2Ev
FNDA:2,_ZN7testing18WithParamInterfaceISt5tupleIJiiiEEED2Ev
FN:1696,_ZN7testing18WithParamInterfaceISt5tupleIJiiiEEE8GetParamEv
FNDA:2,_ZN7testing18WithParamInterfaceISt5tupleIJiiiEEE8GetParamEv
FN:1706,_ZN7testing18WithParamInterfaceISt5tupleIJiiiEEE8SetParamEPKS2_
FNDA:2,_ZN7testing18WithParamInterfaceISt5tupleIJiiiEEE8SetParamEPKS2_
DA:255,0
DA:263,0
DA:268,0
DA:269,0
DA:356,0
DA:1374,0
DA:1378,0
DA:1379,0
DA:1391,4
DA:1394,4
DA:1395,4
DA:1398,0
DA:1410,4
DA:1413,4
DA:1692,0
DA:1692,0
DA:1692,2
DA:1696,2
DA:1697,2
DA:1699,0
DA:1700,2
DA:1706,2
end_of_record
SF:D:\mingw64\include\c++\15.2.0\bits\alloc_traits.h
DA:614,503
DA:649,589
DA:674,55
DA:680,30
DA:700,10
DA:712,23713
DA:726,142
DA:871,12
DA:1045,10
DA:1046,10
end_of_record
SF:D:\DEV\CalcSampleTDD_09\external\googletest\googletest\include\gtest\internal\gtest-port.h
FN:1082,_ZN7testing8internal8GTestLog9GetStreamEv
FNDA:0,_ZN7testing8internal8GTestLog9GetStreamEv
FN:1190,_ZN7testing8internal27CheckedDowncastToActualTypeIKNS0_30ValuesInIteratorRangeGeneratorISt5tupleIJiiiEEE8IteratorEKNS0_22ParamIteratorInterfaceIS4_EEEEPT_PT0_
FNDA:15,_ZN7testing8internal27CheckedDowncastToActualTypeIKNS0_30ValuesInIteratorRangeGeneratorISt5tupleIJiiiEEE8IteratorEKNS0_22ParamIteratorInterfaceIS4_EEEEPT_PT0_
FN:1190,_ZN7testing8internal27CheckedDowncastToActualTypeINS0_26ParameterizedTestSuiteInfoI7SumTestEENS0_30ParameterizedTestSuiteInfoBaseEEEPT_PT0_
FNDA:5,_ZN7testing8internal27CheckedDowncastToActualTypeINS0_26ParameterizedTestSuiteInfoI7SumTestEENS0_30ParameterizedTestSuiteInfoBaseEEEPT_PT0_
FN:1972,_ZN7testing8internal7IsAlNumEc
FNDA:10,_ZN7testing8internal7IsAlNumEc
FN:2195,_ZN7testing8internal5posix5AbortEv
FNDA:0,_ZN7testing8internal5posix5AbortEv
DA:1082,0
DA:1190,15
DA:1194,15
DA:1196,15
DA:1190,5
DA:1194,5
DA:1196,5
DA:1972,10
DA:1973,10
DA:2195,0
end_of_record
SF:D:\mingw64\include\c++\15.2.0\bits\hashtable_policy.h
FN:108,_ZNKSt8__detail10_Select1stclIRKSt4pairIKNSt7__cxx1112basic_stringIcSt11char_traitsIcESaIcEEEyEEEONS0_10__1st_typeIT_E4typeEOSE_
FNDA:5,_ZNKSt8__detail10_Select1stclIRKSt4pairIKNSt7__cxx1112basic_stringIcSt11char_traitsIcESaIcEEEyEEEONS0_10__1st_typeIT_E4typeEOSE_
FN:108,_ZNKSt8__detail10_Select1stclIRSt4pairIKNSt7__cxx1112basic_stringIcSt11char_traitsIcESaIcEEEyEEEONS0_10__1st_typeIT_E4typeEOSD_
FNDA:0,_ZNKSt8__detail10_Select1stclIRSt4pairIKNSt7__cxx1112basic_stringIcSt11char_traitsIcESaIcEEEyEEEONS0_10__1st_typeIT_E4typeEOSD_
FN:108,_ZNKSt8__detail10_Select1stclIRSt4pairIRKNSt7__cxx1112basic_stringIcSt11char_traitsIcESaIcEEERKyEEEONS0_10__1st_typeIT_E4typeEOSG_
FNDA:5,_ZNKSt8__detail10_Select1stclIRSt4pairIRKNSt7__cxx1112basic_stringIcSt11char_traitsIcESaIcEEERKyEEEONS0_10__1st_typeIT_E4typeEOSG_
FN:280,_ZNSt8__detail22_Hashtable_hash_traitsISt4hashINSt7__cxx1112basic_stringIcSt11char_traitsIcESaIcEEEEE22__small_size_thresholdEv
FNDA:196,_ZNSt8__detail22_Hashtable_hash_traitsISt4hashINSt7__cxx1112basic_stringIcSt11char_traitsIcESaIcEEEEE22__small_size_thresholdEv
FN:296,_ZNSt8__detail15_Hash_node_baseC2Ev
FNDA:18,_ZNSt8__detail15_Hash_node_baseC2Ev
FN:365,_ZNKSt8__detail10_Hash_nodeISt4pairIKNSt7__cxx1112basic_stringIcSt11char_traitsIcESaIcEEEyELb1EE7_M_nextEv
FNDA:0,_ZNKSt8__detail10_Hash_nodeISt4pairIKNSt7__cxx1112basic_stringIcSt11char_traitsIcESaIcEEEyELb1EE7_M_nextEv
FN:378,_ZNSt8__detail19_Node_iterator_baseISt4pairIKNSt7__cxx1112basic_stringIcSt11char_traitsIcESaIcEEEyELb1EEC2EPNS_10_Hash_nodeIS9_Lb1EEE
FNDA:25,_ZNSt8__detail19_Node_iterator_baseISt4pairIKNSt7__cxx1112basic_stringIcSt11char_traitsIcESaIcEEEyELb1EEC2EPNS_10_Hash_nodeIS9_Lb1EEE
FN:386,_ZNSt8__detaileqERKNS_19_Node_iterator_baseISt4pairIKNSt7__cxx1112basic_stringIcSt11char_traitsIcESaIcEEEyELb1EEESC_
FNDA:10,_ZNSt8__detaileqERKNS_19_Node_iterator_baseISt4pairIKNSt7__cxx1112basic_stringIcSt11char_traitsIcESaIcEEEyELb1EEESC_
FN:421,_ZNSt8__detail14_Node_iteratorISt4pairIKNSt7__cxx1112basic_stringIcSt11char_traitsIcESaIcEEEyELb0ELb1EEC1EPNS_10_Hash_nodeIS9_Lb1EEE
FNDA:25,_ZNSt8__detail14_Node_iteratorISt4pairIKNSt7__cxx1112basic_stringIcSt11char_traitsIcESaIcEEEyELb0ELb1EEC1EPNS_10_Hash_nodeIS9_Lb1EEE
FN:429,_ZNKSt8__detail14_Node_iteratorISt4pairIKNSt7__cxx1112basic_stringIcSt11char_traitsIcESaIcEEEyELb0ELb1EEptEv
FNDA:5,_ZNKSt8__detail14_Node_iteratorISt4pairIKNSt7__cxx1112basic_stringIcSt11char_traitsIcESaIcEEEyELb0ELb1EEptEv
FN:452,_ZNSt8__detaileqERKNS_14_Node_iteratorISt4pairIKNSt7__cxx1112basic_stringIcSt11char_traitsIcESaIcEEEyELb0ELb1EEESC_
FNDA:10,_ZNSt8__detaileqERKNS_14_Node_iteratorISt4pairIKNSt7__cxx1112basic_stringIcSt11char_traitsIcESaIcEEEyELb0ELb1EEESC_
FN:460,_ZNSt8__detailneERKNS_14_Node_iteratorISt4pairIKNSt7__cxx1112basic_stringIcSt11char_traitsIcESaIcEEEyELb0ELb1EEESC_
FNDA:10,_ZNSt8__detailneERKNS_14_Node_iteratorISt4pairIKNSt7__cxx1112basic_stringIcSt11char_traitsIcESaIcEEEyELb0ELb1EEESC_
FN:583,_ZNKSt8__detail18_Mod_range_hashingclEyy
FNDA:115,_ZNKSt8__detail18_Mod_range_hashingclEyy
FN:629,_ZNKSt8__detail20_Prime_rehash_policy8_M_stateEv
FNDA:18,_ZNKSt8__detail20_Prime_rehash_policy8_M_stateEv
FN:637,_ZNSt8__detail20_Prime_rehash_policy8_M_resetEy
FNDA:0,_ZNSt8__detail20_Prime_rehash_policy8_M_resetEy
FN:778,_ZNSt8__detail17_RehashStateGuardINS_20_Prime_rehash_policyEEC1ERS1_
FNDA:18,_ZNSt8__detail17_RehashStateGuardINS_20_Prime_rehash_policyEEC1ERS1_
FN:784,_ZNSt8__detail17_RehashStateGuardINS_20_Prime_rehash_policyEED1Ev
FNDA:18,_ZNSt8__detail17_RehashStateGuardINS_20_Prime_rehash_policyEED1Ev
FN:1067,_ZNKSt8__detail15_Hash_code_baseINSt7__cxx1112basic_stringIcSt11char_traitsIcESaIcEEESt4pairIKS6_yENS_10_Select1stESt4hashIS6_ENS_18_Mod_range_hashingENS_20_Default_ranged_hashELb1EE12_M_hash_codeERS8_
FNDA:10,_ZNKSt8__detail15_Hash_code_baseINSt7__cxx1112basic_stringIcSt11char_traitsIcESaIcEEESt4pairIKS6_yENS_10_Select1stESt4hashIS6_ENS_18_Mod_range_hashingENS_20_Default_ranged_hashELb1EE12_M_hash_codeERS8_
FN:1092,_ZNKSt8__detail15_Hash_code_baseINSt7__cxx1112basic_stringIcSt11char_traitsIcESaIcEEESt4pairIKS6_yENS_10_Select1stESt4hashIS6_ENS_18_Mod_range_hashingENS_20_Default_ranged_hashELb1EE15_M_bucket_indexEyy
FNDA:15,_ZNKSt8__detail15_Hash_code_baseINSt7__cxx1112basic_stringIcSt11char_traitsIcESaIcEEESt4pairIKS6_yENS_10_Select1stESt4hashIS6_ENS_18_Mod_range_hashingENS_20_Default_ranged_hashELb1EE15_M_bucket_indexEyy
FN:1105,_ZNKSt8__detail15_Hash_code_baseINSt7__cxx1112basic_stringIcSt11char_traitsIcESaIcEEESt4pairIKS6_yENS_10_Select1stESt4hashIS6_ENS_18_Mod_range_hashingENS_20_Default_ranged_hashELb1EE15_M_bucket_indexERKNS_16_Hash_node_valueIS9_Lb1EEEy
FNDA:0,_ZNKSt8__detail15_Hash_code_baseINSt7__cxx1112basic_stringIcSt11char_traitsIcESaIcEEESt4pairIKS6_yENS_10_Select1stESt4hashIS6_ENS_18_Mod_range_hashingENS_20_Default_ranged_hashELb1EE15_M_bucket_indexERKNS_16_Hash_node_valueIS9_Lb1EEEy
FN:1402,_ZNKSt8__detail15_Hashtable_baseINSt7__cxx1112basic_stringIcSt11char_traitsIcESaIcEEESt4pairIKS6_yENS_10_Select1stESt8equal_toIS6_ESt4hashIS6_ENS_18_Mod_range_hashingENS_20_Default_ranged_hashENS_17_Hashtable_traitsILb1ELb0ELb1EEEE13_M_key_equalsERS8_RKNS_16_Hash_node_valueIS9_Lb1EEE
FNDA:5,_ZNKSt8__detail15_Hashtable_baseINSt7__cxx1112basic_stringIcSt11char_traitsIcESaIcEEESt4pairIKS6_yENS_10_Select1stESt8equal_toIS6_ESt4hashIS6_ENS_18_Mod_range_hashingENS_20_Default_ranged_hashENS_17_Hashtable_traitsILb1ELb0ELb1EEEE13_M_key_equalsERS8_RKNS_16_Hash_node_valueIS9_Lb1EEE
FN:1428,_ZNKSt8__detail15_Hashtable_baseINSt7__cxx1112basic_stringIcSt11char_traitsIcESaIcEEESt4pairIKS6_yENS_10_Select1stESt8equal_toIS6_ESt4hashIS6_ENS_18_Mod_range_hashingENS_20_Default_ranged_hashENS_17_Hashtable_traitsILb1ELb0ELb1EEEE9_M_equalsERS8_yRKNS_16_Hash_node_valueIS9_Lb1EEE
FNDA:0,_ZNKSt8__detail15_Hashtable_baseINSt7__cxx1112basic_stringIcSt11char_traitsIcESaIcEEESt4pairIKS6_yENS_10_Select1stESt8equal_toIS6_ESt4hashIS6_ENS_18_Mod_range_hashingENS_20_Default_ranged_hashENS_17_Hashtable_traitsILb1ELb0ELb1EEEE9_M_equalsERS8_yRKNS_16_Hash_node_valueIS9_Lb1EEE
FN:1465,_ZNKSt8__detail15_Hashtable_baseINSt7__cxx1112basic_stringIcSt11char_traitsIcESaIcEEESt4pairIKS6_yENS_10_Select1stESt8equal_toIS6_ESt4hashIS6_ENS_18_Mod_range_hashingENS_20_Default_ranged_hashENS_17_Hashtable_traitsILb1ELb0ELb1EEEE5_M_eqEv
FNDA:5,_ZNKSt8__detail15_Hashtable_baseINSt7__cxx1112basic_stringIcSt11char_traitsIcESaIcEEESt4pairIKS6_yENS_10_Select1stESt8equal_toIS6_ESt4hashIS6_ENS_18_Mod_range_hashingENS_20_Default_ranged_hashENS_17_Hashtable_traitsILb1ELb0ELb1EEEE5_M_eqEv
FN:1510,_ZNSt8__detail16_Hashtable_allocISaINS_10_Hash_nodeISt4pairIKNSt7__cxx1112basic_stringIcSt11char_traitsIcESaIcEEEyELb1EEEEE17_M_node_allocatorEv
FNDA:10,_ZNSt8__detail16_Hashtable_allocISaINS_10_Hash_nodeISt4pairIKNSt7__cxx1112basic_stringIcSt11char_traitsIcESaIcEEEyELb1EEEEE17_M_node_allocatorEv
FN:1547,_ZNSt8__detail16_Hashtable_allocISaINS_10_Hash_nodeISt4pairIKNSt7__cxx1112basic_stringIcSt11char_traitsIcESaIcEEEyELb1EEEEE16_M_allocate_nodeIJS8_yEEEPSB_DpOT_
FNDA:5,_ZNSt8__detail16_Hashtable_allocISaINS_10_Hash_nodeISt4pairIKNSt7__cxx1112basic_stringIcSt11char_traitsIcESaIcEEEyELb1EEEEE16_M_allocate_nodeIJS8_yEEEPSB_DpOT_
FN:1570,_ZNSt8__detail16_Hashtable_allocISaINS_10_Hash_nodeISt4pairIKNSt7__cxx1112basic_stringIcSt11char_traitsIcESaIcEEEyELb1EEEEE18_M_deallocate_nodeEPSB_
FNDA:0,_ZNSt8__detail16_Hashtable_allocISaINS_10_Hash_nodeISt4pairIKNSt7__cxx1112basic_stringIcSt11char_traitsIcESaIcEEEyELb1EEEEE18_M_deallocate_nodeEPSB_
FN:1578,_ZNSt8__detail16_Hashtable_allocISaINS_10_Hash_nodeISt4pairIKNSt7__cxx1112basic_stringIcSt11char_traitsIcESaIcEEEyELb1EEEEE22_M_deallocate_node_ptrEPSB_
FNDA:0,_ZNSt8__detail16_Hashtable_allocISaINS_10_Hash_nodeISt4pairIKNSt7__cxx1112basic_stringIcSt11char_traitsIcESaIcEEEyELb1EEEEE22_M_deallocate_node_ptrEPSB_
FN:1600,_ZNSt8__detail16_Hashtable_allocISaINS_10_Hash_nodeISt4pairIKNSt7__cxx1112basic_stringIcSt11char_traitsIcESaIcEEEyELb1EEEEE19_M_allocate_bucketsEy
FNDA:5,_ZNSt8__detail16_Hashtable_allocISaINS_10_Hash_nodeISt4pairIKNSt7__cxx1112basic_stringIcSt11char_traitsIcESaIcEEEyELb1EEEEE19_M_allocate_bucketsEy
FN:1613,_ZNSt8__detail16_Hashtable_allocISaINS_10_Hash_nodeISt4pairIKNSt7__cxx1112basic_stringIcSt11char_traitsIcESaIcEEEyELb1EEEEE21_M_deallocate_bucketsEPPNS_15_Hash_node_baseEy
FNDA:0,_ZNSt8__detail16_Hashtable_allocISaINS_10_Hash_nodeISt4pairIKNSt7__cxx1112basic_stringIcSt11char_traitsIcESaIcEEEyELb1EEEEE21_M_deallocate_bucketsEPPNS_15_Hash_node_baseEy
DA:108,5
DA:109,5
DA:108,0
DA:109,0
DA:108,5
DA:109,5
DA:280,196
DA:281,196
DA:296,18
DA:318,10
DA:323,5
DA:328,0
DA:333,5
DA:365,0
DA:366,0
DA:378,25
DA:379,25
DA:386,10
DA:388,10
DA:421,25
DA:422,25
DA:429,5
DA:430,10
DA:452,10
DA:454,10
DA:455,10
DA:456,10
DA:460,10
DA:461,10
DA:583,115
DA:584,115
DA:629,18
DA:630,18
DA:637,0
DA:638,0
DA:778,18
DA:779,18
DA:780,18
DA:781,18
DA:784,18
DA:786,18
DA:787,0
DA:788,18
DA:1067,10
DA:1071,10
DA:1092,15
DA:1093,15
DA:1105,0
DA:1107,0
DA:1402,5
DA:1409,10
DA:1428,0
DA:1432,0
DA:1433,0
DA:1435,0
DA:1465,5
DA:1510,10
DA:1511,10
DA:1547,5
DA:1550,5
DA:1551,5
DA:1552,5
DA:1555,5
DA:1556,15
DA:1558,5
DA:1570,0
DA:1572,0
DA:1573,0
DA:1574,0
DA:1578,0
DA:1581,0
DA:1582,0
DA:1583,0
DA:1584,0
DA:1600,5
DA:1603,5
DA:1605,5
DA:1606,5
DA:1607,5
DA:1608,10
DA:1613,0
DA:1617,0
DA:1618,0
DA:1620,0
end_of_record
